{"/Users/admin/Desktop/DevGround/projects/DevFeed/src/features/auth/LoginScreen.tsx": {"path":"/Users/admin/Desktop/DevGround/projects/DevFeed/src/features/auth/LoginScreen.tsx","statementMap":{"0":{"start":{"line":29,"column":29},"end":{"line":29,"column":39}},"1":{"start":{"line":30,"column":28},"end":{"line":30,"column":40}},"2":{"start":{"line":31,"column":34},"end":{"line":31,"column":46}},"3":{"start":{"line":32,"column":21},"end":{"line":32,"column":52}},"4":{"start":{"line":34,"column":42},"end":{"line":34,"column":57}},"5":{"start":{"line":35,"column":32},"end":{"line":35,"column":47}},"6":{"start":{"line":37,"column":38},"end":{"line":37,"column":50}},"7":{"start":{"line":38,"column":44},"end":{"line":38,"column":56}},"8":{"start":{"line":39,"column":42},"end":{"line":39,"column":54}},"9":{"start":{"line":40,"column":40},"end":{"line":40,"column":52}},"10":{"start":{"line":42,"column":19},"end":{"line":42,"column":42}},"11":{"start":{"line":43,"column":22},"end":{"line":43,"column":45}},"12":{"start":{"line":44,"column":30},"end":{"line":44,"column":42}},"13":{"start":{"line":46,"column":2},"end":{"line":48,"column":24}},"14":{"start":{"line":47,"column":4},"end":{"line":47,"column":22}},"15":{"start":{"line":50,"column":22},"end":{"line":82,"column":3}},"16":{"start":{"line":51,"column":4},"end":{"line":51,"column":22}},"17":{"start":{"line":52,"column":4},"end":{"line":52,"column":25}},"18":{"start":{"line":53,"column":4},"end":{"line":53,"column":24}},"19":{"start":{"line":54,"column":4},"end":{"line":54,"column":23}},"20":{"start":{"line":56,"column":4},"end":{"line":59,"column":5}},"21":{"start":{"line":57,"column":6},"end":{"line":57,"column":41}},"22":{"start":{"line":58,"column":6},"end":{"line":58,"column":13}},"23":{"start":{"line":60,"column":4},"end":{"line":63,"column":5}},"24":{"start":{"line":61,"column":6},"end":{"line":61,"column":43}},"25":{"start":{"line":62,"column":6},"end":{"line":62,"column":13}},"26":{"start":{"line":64,"column":4},"end":{"line":67,"column":5}},"27":{"start":{"line":65,"column":6},"end":{"line":65,"column":47}},"28":{"start":{"line":66,"column":6},"end":{"line":66,"column":13}},"29":{"start":{"line":68,"column":4},"end":{"line":71,"column":5}},"30":{"start":{"line":69,"column":6},"end":{"line":69,"column":65}},"31":{"start":{"line":70,"column":6},"end":{"line":70,"column":13}},"32":{"start":{"line":73,"column":4},"end":{"line":81,"column":5}},"33":{"start":{"line":74,"column":6},"end":{"line":74,"column":23}},"34":{"start":{"line":75,"column":6},"end":{"line":75,"column":25}},"35":{"start":{"line":76,"column":6},"end":{"line":76,"column":39}},"36":{"start":{"line":78,"column":6},"end":{"line":78,"column":51}},"37":{"start":{"line":80,"column":6},"end":{"line":80,"column":24}},"38":{"start":{"line":84,"column":28},"end":{"line":86,"column":8}},"39":{"start":{"line":85,"column":4},"end":{"line":85,"column":59}},"40":{"start":{"line":88,"column":27},"end":{"line":90,"column":8}},"41":{"start":{"line":89,"column":4},"end":{"line":89,"column":58}},"42":{"start":{"line":92,"column":28},"end":{"line":95,"column":8}},"43":{"start":{"line":93,"column":4},"end":{"line":93,"column":23}},"44":{"start":{"line":94,"column":4},"end":{"line":94,"column":33}},"45":{"start":{"line":97,"column":2},"end":{"line":324,"column":4}},"46":{"start":{"line":164,"column":16},"end":{"line":164,"column":31}},"47":{"start":{"line":165,"column":16},"end":{"line":165,"column":50}},"48":{"start":{"line":165,"column":32},"end":{"line":165,"column":50}},"49":{"start":{"line":197,"column":16},"end":{"line":197,"column":34}},"50":{"start":{"line":198,"column":16},"end":{"line":198,"column":56}},"51":{"start":{"line":198,"column":35},"end":{"line":198,"column":56}},"52":{"start":{"line":208,"column":33},"end":{"line":208,"column":63}},"53":{"start":{"line":310,"column":38},"end":{"line":310,"column":67}},"54":{"start":{"line":327,"column":15},"end":{"line":443,"column":2}}},"fnMap":{"0":{"name":"LoginScreen","decl":{"start":{"line":28,"column":24},"end":{"line":28,"column":35}},"loc":{"start":{"line":28,"column":38},"end":{"line":325,"column":1}},"line":28},"1":{"name":"(anonymous_1)","decl":{"start":{"line":46,"column":12},"end":{"line":46,"column":13}},"loc":{"start":{"line":46,"column":18},"end":{"line":48,"column":3}},"line":46},"2":{"name":"(anonymous_2)","decl":{"start":{"line":50,"column":22},"end":{"line":50,"column":23}},"loc":{"start":{"line":50,"column":34},"end":{"line":82,"column":3}},"line":50},"3":{"name":"(anonymous_3)","decl":{"start":{"line":84,"column":40},"end":{"line":84,"column":41}},"loc":{"start":{"line":84,"column":46},"end":{"line":86,"column":3}},"line":84},"4":{"name":"(anonymous_4)","decl":{"start":{"line":88,"column":39},"end":{"line":88,"column":40}},"loc":{"start":{"line":88,"column":45},"end":{"line":90,"column":3}},"line":88},"5":{"name":"(anonymous_5)","decl":{"start":{"line":92,"column":40},"end":{"line":92,"column":41}},"loc":{"start":{"line":92,"column":46},"end":{"line":95,"column":3}},"line":92},"6":{"name":"(anonymous_6)","decl":{"start":{"line":163,"column":28},"end":{"line":163,"column":29}},"loc":{"start":{"line":163,"column":38},"end":{"line":166,"column":15}},"line":163},"7":{"name":"(anonymous_7)","decl":{"start":{"line":196,"column":28},"end":{"line":196,"column":29}},"loc":{"start":{"line":196,"column":38},"end":{"line":199,"column":15}},"line":196},"8":{"name":"(anonymous_8)","decl":{"start":{"line":208,"column":27},"end":{"line":208,"column":28}},"loc":{"start":{"line":208,"column":33},"end":{"line":208,"column":63}},"line":208},"9":{"name":"(anonymous_9)","decl":{"start":{"line":310,"column":32},"end":{"line":310,"column":33}},"loc":{"start":{"line":310,"column":38},"end":{"line":310,"column":67}},"line":310}},"branchMap":{"0":{"loc":{"start":{"line":56,"column":4},"end":{"line":59,"column":5}},"type":"if","locations":[{"start":{"line":56,"column":4},"end":{"line":59,"column":5}},{"start":{},"end":{}}],"line":56},"1":{"loc":{"start":{"line":60,"column":4},"end":{"line":63,"column":5}},"type":"if","locations":[{"start":{"line":60,"column":4},"end":{"line":63,"column":5}},{"start":{},"end":{}}],"line":60},"2":{"loc":{"start":{"line":64,"column":4},"end":{"line":67,"column":5}},"type":"if","locations":[{"start":{"line":64,"column":4},"end":{"line":67,"column":5}},{"start":{},"end":{}}],"line":64},"3":{"loc":{"start":{"line":68,"column":4},"end":{"line":71,"column":5}},"type":"if","locations":[{"start":{"line":68,"column":4},"end":{"line":71,"column":5}},{"start":{},"end":{}}],"line":68},"4":{"loc":{"start":{"line":78,"column":22},"end":{"line":78,"column":49}},"type":"binary-expr","locations":[{"start":{"line":78,"column":22},"end":{"line":78,"column":31}},{"start":{"line":78,"column":35},"end":{"line":78,"column":49}}],"line":78},"5":{"loc":{"start":{"line":100,"column":16},"end":{"line":100,"column":60}},"type":"cond-expr","locations":[{"start":{"line":100,"column":40},"end":{"line":100,"column":49}},{"start":{"line":100,"column":52},"end":{"line":100,"column":60}}],"line":100},"6":{"loc":{"start":{"line":123,"column":11},"end":{"line":131,"column":11}},"type":"binary-expr","locations":[{"start":{"line":123,"column":11},"end":{"line":123,"column":25}},{"start":{"line":124,"column":12},"end":{"line":130,"column":19}}],"line":123},"7":{"loc":{"start":{"line":133,"column":11},"end":{"line":147,"column":11}},"type":"binary-expr","locations":[{"start":{"line":133,"column":11},"end":{"line":133,"column":24}},{"start":{"line":134,"column":12},"end":{"line":146,"column":19}}],"line":133},"8":{"loc":{"start":{"line":165,"column":16},"end":{"line":165,"column":50}},"type":"if","locations":[{"start":{"line":165,"column":16},"end":{"line":165,"column":50}},{"start":{},"end":{}}],"line":165},"9":{"loc":{"start":{"line":175,"column":13},"end":{"line":179,"column":13}},"type":"binary-expr","locations":[{"start":{"line":175,"column":13},"end":{"line":175,"column":25}},{"start":{"line":176,"column":14},"end":{"line":178,"column":21}}],"line":175},"10":{"loc":{"start":{"line":198,"column":16},"end":{"line":198,"column":56}},"type":"if","locations":[{"start":{"line":198,"column":16},"end":{"line":198,"column":56}},{"start":{},"end":{}}],"line":198},"11":{"loc":{"start":{"line":211,"column":20},"end":{"line":211,"column":68}},"type":"cond-expr","locations":[{"start":{"line":211,"column":35},"end":{"line":211,"column":50}},{"start":{"line":211,"column":53},"end":{"line":211,"column":68}}],"line":211},"12":{"loc":{"start":{"line":215,"column":26},"end":{"line":215,"column":58}},"type":"cond-expr","locations":[{"start":{"line":215,"column":41},"end":{"line":215,"column":50}},{"start":{"line":215,"column":53},"end":{"line":215,"column":58}}],"line":215},"13":{"loc":{"start":{"line":223,"column":13},"end":{"line":227,"column":13}},"type":"binary-expr","locations":[{"start":{"line":223,"column":13},"end":{"line":223,"column":28}},{"start":{"line":224,"column":14},"end":{"line":226,"column":21}}],"line":223}},"s":{"0":0,"1":0,"2":0,"3":0,"4":0,"5":0,"6":0,"7":0,"8":0,"9":0,"10":0,"11":0,"12":0,"13":0,"14":0,"15":0,"16":0,"17":0,"18":0,"19":0,"20":0,"21":0,"22":0,"23":0,"24":0,"25":0,"26":0,"27":0,"28":0,"29":0,"30":0,"31":0,"32":0,"33":0,"34":0,"35":0,"36":0,"37":0,"38":0,"39":0,"40":0,"41":0,"42":0,"43":0,"44":0,"45":0,"46":0,"47":0,"48":0,"49":0,"50":0,"51":0,"52":0,"53":0,"54":0},"f":{"0":0,"1":0,"2":0,"3":0,"4":0,"5":0,"6":0,"7":0,"8":0,"9":0},"b":{"0":[0,0],"1":[0,0],"2":[0,0],"3":[0,0],"4":[0,0],"5":[0,0],"6":[0,0],"7":[0,0],"8":[0,0],"9":[0,0],"10":[0,0],"11":[0,0],"12":[0,0],"13":[0,0]}}
,"/Users/admin/Desktop/DevGround/projects/DevFeed/src/features/auth/SignUpScreen.tsx": {"path":"/Users/admin/Desktop/DevGround/projects/DevFeed/src/features/auth/SignUpScreen.tsx","statementMap":{"0":{"start":{"line":29,"column":14},"end":{"line":29,"column":15}},"1":{"start":{"line":30,"column":2},"end":{"line":30,"column":36}},"2":{"start":{"line":30,"column":28},"end":{"line":30,"column":36}},"3":{"start":{"line":31,"column":2},"end":{"line":31,"column":38}},"4":{"start":{"line":31,"column":30},"end":{"line":31,"column":38}},"5":{"start":{"line":32,"column":2},"end":{"line":32,"column":38}},"6":{"start":{"line":32,"column":30},"end":{"line":32,"column":38}},"7":{"start":{"line":33,"column":2},"end":{"line":33,"column":45}},"8":{"start":{"line":33,"column":37},"end":{"line":33,"column":45}},"9":{"start":{"line":34,"column":2},"end":{"line":34,"column":60}},"10":{"start":{"line":34,"column":29},"end":{"line":34,"column":60}},"11":{"start":{"line":36,"column":2},"end":{"line":36,"column":50}},"12":{"start":{"line":36,"column":18},"end":{"line":36,"column":50}},"13":{"start":{"line":37,"column":2},"end":{"line":37,"column":50}},"14":{"start":{"line":37,"column":18},"end":{"line":37,"column":50}},"15":{"start":{"line":38,"column":2},"end":{"line":38,"column":50}},"16":{"start":{"line":38,"column":18},"end":{"line":38,"column":50}},"17":{"start":{"line":39,"column":2},"end":{"line":39,"column":36}},"18":{"start":{"line":43,"column":29},"end":{"line":43,"column":39}},"19":{"start":{"line":44,"column":28},"end":{"line":44,"column":40}},"20":{"start":{"line":45,"column":34},"end":{"line":45,"column":46}},"21":{"start":{"line":46,"column":48},"end":{"line":46,"column":60}},"22":{"start":{"line":47,"column":21},"end":{"line":47,"column":52}},"23":{"start":{"line":49,"column":42},"end":{"line":49,"column":57}},"24":{"start":{"line":50,"column":40},"end":{"line":50,"column":55}},"25":{"start":{"line":52,"column":32},"end":{"line":52,"column":47}},"26":{"start":{"line":54,"column":38},"end":{"line":54,"column":50}},"27":{"start":{"line":55,"column":44},"end":{"line":55,"column":56}},"28":{"start":{"line":56,"column":58},"end":{"line":56,"column":70}},"29":{"start":{"line":57,"column":42},"end":{"line":57,"column":54}},"30":{"start":{"line":59,"column":44},"end":{"line":59,"column":59}},"31":{"start":{"line":60,"column":38},"end":{"line":60,"column":50}},"32":{"start":{"line":61,"column":40},"end":{"line":61,"column":52}},"33":{"start":{"line":63,"column":19},"end":{"line":63,"column":42}},"34":{"start":{"line":64,"column":22},"end":{"line":64,"column":45}},"35":{"start":{"line":65,"column":21},"end":{"line":65,"column":44}},"36":{"start":{"line":66,"column":30},"end":{"line":66,"column":42}},"37":{"start":{"line":68,"column":2},"end":{"line":70,"column":24}},"38":{"start":{"line":69,"column":4},"end":{"line":69,"column":22}},"39":{"start":{"line":72,"column":27},"end":{"line":72,"column":56}},"40":{"start":{"line":74,"column":4},"end":{"line":74,"column":62}},"41":{"start":{"line":76,"column":4},"end":{"line":76,"column":62}},"42":{"start":{"line":78,"column":23},"end":{"line":117,"column":3}},"43":{"start":{"line":79,"column":4},"end":{"line":79,"column":22}},"44":{"start":{"line":80,"column":4},"end":{"line":80,"column":25}},"45":{"start":{"line":81,"column":4},"end":{"line":81,"column":32}},"46":{"start":{"line":82,"column":4},"end":{"line":82,"column":24}},"47":{"start":{"line":83,"column":4},"end":{"line":83,"column":22}},"48":{"start":{"line":84,"column":4},"end":{"line":84,"column":23}},"49":{"start":{"line":86,"column":4},"end":{"line":91,"column":5}},"50":{"start":{"line":87,"column":6},"end":{"line":87,"column":53}},"51":{"start":{"line":87,"column":18},"end":{"line":87,"column":53}},"52":{"start":{"line":88,"column":6},"end":{"line":88,"column":62}},"53":{"start":{"line":88,"column":21},"end":{"line":88,"column":62}},"54":{"start":{"line":89,"column":6},"end":{"line":89,"column":84}},"55":{"start":{"line":89,"column":28},"end":{"line":89,"column":84}},"56":{"start":{"line":90,"column":6},"end":{"line":90,"column":13}},"57":{"start":{"line":92,"column":4},"end":{"line":95,"column":5}},"58":{"start":{"line":93,"column":6},"end":{"line":93,"column":43}},"59":{"start":{"line":94,"column":6},"end":{"line":94,"column":13}},"60":{"start":{"line":96,"column":4},"end":{"line":99,"column":5}},"61":{"start":{"line":97,"column":6},"end":{"line":97,"column":65}},"62":{"start":{"line":98,"column":6},"end":{"line":98,"column":13}},"63":{"start":{"line":100,"column":4},"end":{"line":103,"column":5}},"64":{"start":{"line":101,"column":6},"end":{"line":101,"column":56}},"65":{"start":{"line":102,"column":6},"end":{"line":102,"column":13}},"66":{"start":{"line":104,"column":4},"end":{"line":107,"column":5}},"67":{"start":{"line":105,"column":6},"end":{"line":105,"column":61}},"68":{"start":{"line":106,"column":6},"end":{"line":106,"column":13}},"69":{"start":{"line":108,"column":4},"end":{"line":116,"column":5}},"70":{"start":{"line":109,"column":6},"end":{"line":109,"column":23}},"71":{"start":{"line":110,"column":6},"end":{"line":110,"column":25}},"72":{"start":{"line":111,"column":6},"end":{"line":111,"column":42}},"73":{"start":{"line":113,"column":6},"end":{"line":113,"column":52}},"74":{"start":{"line":115,"column":6},"end":{"line":115,"column":24}},"75":{"start":{"line":119,"column":28},"end":{"line":121,"column":8}},"76":{"start":{"line":120,"column":4},"end":{"line":120,"column":59}},"77":{"start":{"line":123,"column":27},"end":{"line":125,"column":8}},"78":{"start":{"line":124,"column":4},"end":{"line":124,"column":58}},"79":{"start":{"line":127,"column":28},"end":{"line":130,"column":8}},"80":{"start":{"line":128,"column":4},"end":{"line":128,"column":23}},"81":{"start":{"line":129,"column":4},"end":{"line":129,"column":33}},"82":{"start":{"line":132,"column":31},"end":{"line":135,"column":8}},"83":{"start":{"line":133,"column":4},"end":{"line":133,"column":23}},"84":{"start":{"line":134,"column":4},"end":{"line":134,"column":32}},"85":{"start":{"line":137,"column":2},"end":{"line":515,"column":4}},"86":{"start":{"line":203,"column":14},"end":{"line":203,"column":29}},"87":{"start":{"line":204,"column":14},"end":{"line":204,"column":48}},"88":{"start":{"line":204,"column":30},"end":{"line":204,"column":48}},"89":{"start":{"line":236,"column":14},"end":{"line":236,"column":32}},"90":{"start":{"line":237,"column":14},"end":{"line":237,"column":54}},"91":{"start":{"line":237,"column":33},"end":{"line":237,"column":54}},"92":{"start":{"line":238,"column":14},"end":{"line":240,"column":15}},"93":{"start":{"line":239,"column":16},"end":{"line":239,"column":44}},"94":{"start":{"line":250,"column":31},"end":{"line":250,"column":61}},"95":{"start":{"line":273,"column":18},"end":{"line":288,"column":20}},"96":{"start":{"line":327,"column":14},"end":{"line":327,"column":39}},"97":{"start":{"line":328,"column":14},"end":{"line":328,"column":68}},"98":{"start":{"line":328,"column":40},"end":{"line":328,"column":68}},"99":{"start":{"line":338,"column":31},"end":{"line":338,"column":59}},"100":{"start":{"line":378,"column":14},"end":{"line":378,"column":47}},"101":{"start":{"line":379,"column":14},"end":{"line":379,"column":48}},"102":{"start":{"line":379,"column":30},"end":{"line":379,"column":48}},"103":{"start":{"line":400,"column":29},"end":{"line":400,"column":99}},"104":{"start":{"line":407,"column":29},"end":{"line":407,"column":95}},"105":{"start":{"line":501,"column":36},"end":{"line":501,"column":64}},"106":{"start":{"line":518,"column":15},"end":{"line":718,"column":2}}},"fnMap":{"0":{"name":"getPasswordStrength","decl":{"start":{"line":28,"column":9},"end":{"line":28,"column":28}},"loc":{"start":{"line":28,"column":81},"end":{"line":40,"column":1}},"line":28},"1":{"name":"SignUpScreen","decl":{"start":{"line":42,"column":24},"end":{"line":42,"column":36}},"loc":{"start":{"line":42,"column":39},"end":{"line":516,"column":1}},"line":42},"2":{"name":"(anonymous_2)","decl":{"start":{"line":68,"column":12},"end":{"line":68,"column":13}},"loc":{"start":{"line":68,"column":18},"end":{"line":70,"column":3}},"line":68},"3":{"name":"(anonymous_3)","decl":{"start":{"line":78,"column":23},"end":{"line":78,"column":24}},"loc":{"start":{"line":78,"column":35},"end":{"line":117,"column":3}},"line":78},"4":{"name":"(anonymous_4)","decl":{"start":{"line":119,"column":40},"end":{"line":119,"column":41}},"loc":{"start":{"line":119,"column":46},"end":{"line":121,"column":3}},"line":119},"5":{"name":"(anonymous_5)","decl":{"start":{"line":123,"column":39},"end":{"line":123,"column":40}},"loc":{"start":{"line":123,"column":45},"end":{"line":125,"column":3}},"line":123},"6":{"name":"(anonymous_6)","decl":{"start":{"line":127,"column":40},"end":{"line":127,"column":41}},"loc":{"start":{"line":127,"column":46},"end":{"line":130,"column":3}},"line":127},"7":{"name":"(anonymous_7)","decl":{"start":{"line":132,"column":43},"end":{"line":132,"column":44}},"loc":{"start":{"line":132,"column":49},"end":{"line":135,"column":3}},"line":132},"8":{"name":"(anonymous_8)","decl":{"start":{"line":202,"column":26},"end":{"line":202,"column":27}},"loc":{"start":{"line":202,"column":36},"end":{"line":205,"column":13}},"line":202},"9":{"name":"(anonymous_9)","decl":{"start":{"line":235,"column":26},"end":{"line":235,"column":27}},"loc":{"start":{"line":235,"column":36},"end":{"line":241,"column":13}},"line":235},"10":{"name":"(anonymous_10)","decl":{"start":{"line":250,"column":25},"end":{"line":250,"column":26}},"loc":{"start":{"line":250,"column":31},"end":{"line":250,"column":61}},"line":250},"11":{"name":"(anonymous_11)","decl":{"start":{"line":272,"column":34},"end":{"line":272,"column":35}},"loc":{"start":{"line":273,"column":18},"end":{"line":288,"column":20}},"line":273},"12":{"name":"(anonymous_12)","decl":{"start":{"line":326,"column":26},"end":{"line":326,"column":27}},"loc":{"start":{"line":326,"column":36},"end":{"line":329,"column":13}},"line":326},"13":{"name":"(anonymous_13)","decl":{"start":{"line":338,"column":25},"end":{"line":338,"column":26}},"loc":{"start":{"line":338,"column":31},"end":{"line":338,"column":59}},"line":338},"14":{"name":"(anonymous_14)","decl":{"start":{"line":377,"column":21},"end":{"line":377,"column":22}},"loc":{"start":{"line":377,"column":27},"end":{"line":380,"column":13}},"line":377},"15":{"name":"(anonymous_15)","decl":{"start":{"line":400,"column":23},"end":{"line":400,"column":24}},"loc":{"start":{"line":400,"column":29},"end":{"line":400,"column":99}},"line":400},"16":{"name":"(anonymous_16)","decl":{"start":{"line":407,"column":23},"end":{"line":407,"column":24}},"loc":{"start":{"line":407,"column":29},"end":{"line":407,"column":95}},"line":407},"17":{"name":"(anonymous_17)","decl":{"start":{"line":501,"column":30},"end":{"line":501,"column":31}},"loc":{"start":{"line":501,"column":36},"end":{"line":501,"column":64}},"line":501}},"branchMap":{"0":{"loc":{"start":{"line":30,"column":2},"end":{"line":30,"column":36}},"type":"if","locations":[{"start":{"line":30,"column":2},"end":{"line":30,"column":36}},{"start":{},"end":{}}],"line":30},"1":{"loc":{"start":{"line":31,"column":2},"end":{"line":31,"column":38}},"type":"if","locations":[{"start":{"line":31,"column":2},"end":{"line":31,"column":38}},{"start":{},"end":{}}],"line":31},"2":{"loc":{"start":{"line":32,"column":2},"end":{"line":32,"column":38}},"type":"if","locations":[{"start":{"line":32,"column":2},"end":{"line":32,"column":38}},{"start":{},"end":{}}],"line":32},"3":{"loc":{"start":{"line":33,"column":2},"end":{"line":33,"column":45}},"type":"if","locations":[{"start":{"line":33,"column":2},"end":{"line":33,"column":45}},{"start":{},"end":{}}],"line":33},"4":{"loc":{"start":{"line":34,"column":2},"end":{"line":34,"column":60}},"type":"if","locations":[{"start":{"line":34,"column":2},"end":{"line":34,"column":60}},{"start":{},"end":{}}],"line":34},"5":{"loc":{"start":{"line":36,"column":2},"end":{"line":36,"column":50}},"type":"if","locations":[{"start":{"line":36,"column":2},"end":{"line":36,"column":50}},{"start":{},"end":{}}],"line":36},"6":{"loc":{"start":{"line":37,"column":2},"end":{"line":37,"column":50}},"type":"if","locations":[{"start":{"line":37,"column":2},"end":{"line":37,"column":50}},{"start":{},"end":{}}],"line":37},"7":{"loc":{"start":{"line":38,"column":2},"end":{"line":38,"column":50}},"type":"if","locations":[{"start":{"line":38,"column":2},"end":{"line":38,"column":50}},{"start":{},"end":{}}],"line":38},"8":{"loc":{"start":{"line":74,"column":4},"end":{"line":74,"column":62}},"type":"binary-expr","locations":[{"start":{"line":74,"column":4},"end":{"line":74,"column":30}},{"start":{"line":74,"column":34},"end":{"line":74,"column":62}}],"line":74},"9":{"loc":{"start":{"line":76,"column":4},"end":{"line":76,"column":62}},"type":"binary-expr","locations":[{"start":{"line":76,"column":4},"end":{"line":76,"column":30}},{"start":{"line":76,"column":34},"end":{"line":76,"column":62}}],"line":76},"10":{"loc":{"start":{"line":86,"column":4},"end":{"line":91,"column":5}},"type":"if","locations":[{"start":{"line":86,"column":4},"end":{"line":91,"column":5}},{"start":{},"end":{}}],"line":86},"11":{"loc":{"start":{"line":86,"column":8},"end":{"line":86,"column":47}},"type":"binary-expr","locations":[{"start":{"line":86,"column":8},"end":{"line":86,"column":14}},{"start":{"line":86,"column":18},"end":{"line":86,"column":27}},{"start":{"line":86,"column":31},"end":{"line":86,"column":47}}],"line":86},"12":{"loc":{"start":{"line":87,"column":6},"end":{"line":87,"column":53}},"type":"if","locations":[{"start":{"line":87,"column":6},"end":{"line":87,"column":53}},{"start":{},"end":{}}],"line":87},"13":{"loc":{"start":{"line":88,"column":6},"end":{"line":88,"column":62}},"type":"if","locations":[{"start":{"line":88,"column":6},"end":{"line":88,"column":62}},{"start":{},"end":{}}],"line":88},"14":{"loc":{"start":{"line":89,"column":6},"end":{"line":89,"column":84}},"type":"if","locations":[{"start":{"line":89,"column":6},"end":{"line":89,"column":84}},{"start":{},"end":{}}],"line":89},"15":{"loc":{"start":{"line":92,"column":4},"end":{"line":95,"column":5}},"type":"if","locations":[{"start":{"line":92,"column":4},"end":{"line":95,"column":5}},{"start":{},"end":{}}],"line":92},"16":{"loc":{"start":{"line":96,"column":4},"end":{"line":99,"column":5}},"type":"if","locations":[{"start":{"line":96,"column":4},"end":{"line":99,"column":5}},{"start":{},"end":{}}],"line":96},"17":{"loc":{"start":{"line":100,"column":4},"end":{"line":103,"column":5}},"type":"if","locations":[{"start":{"line":100,"column":4},"end":{"line":103,"column":5}},{"start":{},"end":{}}],"line":100},"18":{"loc":{"start":{"line":104,"column":4},"end":{"line":107,"column":5}},"type":"if","locations":[{"start":{"line":104,"column":4},"end":{"line":107,"column":5}},{"start":{},"end":{}}],"line":104},"19":{"loc":{"start":{"line":113,"column":22},"end":{"line":113,"column":50}},"type":"binary-expr","locations":[{"start":{"line":113,"column":22},"end":{"line":113,"column":31}},{"start":{"line":113,"column":35},"end":{"line":113,"column":50}}],"line":113},"20":{"loc":{"start":{"line":140,"column":16},"end":{"line":140,"column":60}},"type":"cond-expr","locations":[{"start":{"line":140,"column":40},"end":{"line":140,"column":49}},{"start":{"line":140,"column":52},"end":{"line":140,"column":60}}],"line":140},"21":{"loc":{"start":{"line":172,"column":9},"end":{"line":178,"column":9}},"type":"binary-expr","locations":[{"start":{"line":172,"column":9},"end":{"line":172,"column":23}},{"start":{"line":173,"column":10},"end":{"line":177,"column":17}}],"line":172},"22":{"loc":{"start":{"line":180,"column":9},"end":{"line":186,"column":9}},"type":"binary-expr","locations":[{"start":{"line":180,"column":9},"end":{"line":180,"column":22}},{"start":{"line":181,"column":10},"end":{"line":185,"column":17}}],"line":180},"23":{"loc":{"start":{"line":204,"column":14},"end":{"line":204,"column":48}},"type":"if","locations":[{"start":{"line":204,"column":14},"end":{"line":204,"column":48}},{"start":{},"end":{}}],"line":204},"24":{"loc":{"start":{"line":214,"column":11},"end":{"line":218,"column":11}},"type":"binary-expr","locations":[{"start":{"line":214,"column":11},"end":{"line":214,"column":23}},{"start":{"line":215,"column":12},"end":{"line":217,"column":19}}],"line":214},"25":{"loc":{"start":{"line":237,"column":14},"end":{"line":237,"column":54}},"type":"if","locations":[{"start":{"line":237,"column":14},"end":{"line":237,"column":54}},{"start":{},"end":{}}],"line":237},"26":{"loc":{"start":{"line":238,"column":14},"end":{"line":240,"column":15}},"type":"if","locations":[{"start":{"line":238,"column":14},"end":{"line":240,"column":15}},{"start":{},"end":{}}],"line":238},"27":{"loc":{"start":{"line":238,"column":18},"end":{"line":238,"column":68}},"type":"binary-expr","locations":[{"start":{"line":238,"column":18},"end":{"line":238,"column":38}},{"start":{"line":238,"column":42},"end":{"line":238,"column":68}}],"line":238},"28":{"loc":{"start":{"line":252,"column":36},"end":{"line":252,"column":84}},"type":"cond-expr","locations":[{"start":{"line":252,"column":51},"end":{"line":252,"column":66}},{"start":{"line":252,"column":69},"end":{"line":252,"column":84}}],"line":252},"29":{"loc":{"start":{"line":255,"column":24},"end":{"line":255,"column":56}},"type":"cond-expr","locations":[{"start":{"line":255,"column":39},"end":{"line":255,"column":48}},{"start":{"line":255,"column":51},"end":{"line":255,"column":56}}],"line":255},"30":{"loc":{"start":{"line":263,"column":11},"end":{"line":267,"column":11}},"type":"binary-expr","locations":[{"start":{"line":263,"column":11},"end":{"line":263,"column":26}},{"start":{"line":264,"column":12},"end":{"line":266,"column":19}}],"line":263},"31":{"loc":{"start":{"line":269,"column":11},"end":{"line":308,"column":11}},"type":"binary-expr","locations":[{"start":{"line":269,"column":11},"end":{"line":269,"column":30}},{"start":{"line":270,"column":12},"end":{"line":307,"column":19}}],"line":269},"32":{"loc":{"start":{"line":279,"column":26},"end":{"line":285,"column":43}},"type":"cond-expr","locations":[{"start":{"line":280,"column":30},"end":{"line":284,"column":41}},{"start":{"line":285,"column":30},"end":{"line":285,"column":43}}],"line":279},"33":{"loc":{"start":{"line":280,"column":30},"end":{"line":284,"column":41}},"type":"cond-expr","locations":[{"start":{"line":281,"column":32},"end":{"line":281,"column":41}},{"start":{"line":282,"column":32},"end":{"line":284,"column":41}}],"line":280},"34":{"loc":{"start":{"line":282,"column":32},"end":{"line":284,"column":41}},"type":"cond-expr","locations":[{"start":{"line":283,"column":32},"end":{"line":283,"column":41}},{"start":{"line":284,"column":32},"end":{"line":284,"column":41}}],"line":282},"35":{"loc":{"start":{"line":296,"column":22},"end":{"line":300,"column":35}},"type":"cond-expr","locations":[{"start":{"line":297,"column":26},"end":{"line":297,"column":35}},{"start":{"line":298,"column":26},"end":{"line":300,"column":35}}],"line":296},"36":{"loc":{"start":{"line":298,"column":26},"end":{"line":300,"column":35}},"type":"cond-expr","locations":[{"start":{"line":299,"column":26},"end":{"line":299,"column":35}},{"start":{"line":300,"column":26},"end":{"line":300,"column":35}}],"line":298},"37":{"loc":{"start":{"line":328,"column":14},"end":{"line":328,"column":68}},"type":"if","locations":[{"start":{"line":328,"column":14},"end":{"line":328,"column":68}},{"start":{},"end":{}}],"line":328},"38":{"loc":{"start":{"line":340,"column":36},"end":{"line":340,"column":83}},"type":"cond-expr","locations":[{"start":{"line":340,"column":50},"end":{"line":340,"column":65}},{"start":{"line":340,"column":68},"end":{"line":340,"column":83}}],"line":340},"39":{"loc":{"start":{"line":343,"column":24},"end":{"line":343,"column":55}},"type":"cond-expr","locations":[{"start":{"line":343,"column":38},"end":{"line":343,"column":47}},{"start":{"line":343,"column":50},"end":{"line":343,"column":55}}],"line":343},"40":{"loc":{"start":{"line":351,"column":11},"end":{"line":355,"column":11}},"type":"binary-expr","locations":[{"start":{"line":351,"column":11},"end":{"line":351,"column":33}},{"start":{"line":352,"column":12},"end":{"line":354,"column":19}}],"line":351},"41":{"loc":{"start":{"line":357,"column":11},"end":{"line":362,"column":11}},"type":"binary-expr","locations":[{"start":{"line":357,"column":11},"end":{"line":357,"column":25}},{"start":{"line":358,"column":12},"end":{"line":361,"column":19}}],"line":357},"42":{"loc":{"start":{"line":364,"column":11},"end":{"line":371,"column":11}},"type":"binary-expr","locations":[{"start":{"line":364,"column":11},"end":{"line":364,"column":28}},{"start":{"line":365,"column":12},"end":{"line":370,"column":19}}],"line":364},"43":{"loc":{"start":{"line":379,"column":14},"end":{"line":379,"column":48}},"type":"if","locations":[{"start":{"line":379,"column":14},"end":{"line":379,"column":48}},{"start":{},"end":{}}],"line":379},"44":{"loc":{"start":{"line":389,"column":16},"end":{"line":389,"column":95}},"type":"binary-expr","locations":[{"start":{"line":389,"column":16},"end":{"line":389,"column":29}},{"start":{"line":389,"column":33},"end":{"line":389,"column":95}}],"line":389},"45":{"loc":{"start":{"line":392,"column":15},"end":{"line":394,"column":15}},"type":"binary-expr","locations":[{"start":{"line":392,"column":15},"end":{"line":392,"column":28}},{"start":{"line":393,"column":16},"end":{"line":393,"column":79}}],"line":392},"46":{"loc":{"start":{"line":415,"column":9},"end":{"line":419,"column":9}},"type":"binary-expr","locations":[{"start":{"line":415,"column":9},"end":{"line":415,"column":21}},{"start":{"line":416,"column":10},"end":{"line":418,"column":17}}],"line":415}},"s":{"0":0,"1":0,"2":0,"3":0,"4":0,"5":0,"6":0,"7":0,"8":0,"9":0,"10":0,"11":0,"12":0,"13":0,"14":0,"15":0,"16":0,"17":0,"18":0,"19":0,"20":0,"21":0,"22":0,"23":0,"24":0,"25":0,"26":0,"27":0,"28":0,"29":0,"30":0,"31":0,"32":0,"33":0,"34":0,"35":0,"36":0,"37":0,"38":0,"39":0,"40":0,"41":0,"42":0,"43":0,"44":0,"45":0,"46":0,"47":0,"48":0,"49":0,"50":0,"51":0,"52":0,"53":0,"54":0,"55":0,"56":0,"57":0,"58":0,"59":0,"60":0,"61":0,"62":0,"63":0,"64":0,"65":0,"66":0,"67":0,"68":0,"69":0,"70":0,"71":0,"72":0,"73":0,"74":0,"75":0,"76":0,"77":0,"78":0,"79":0,"80":0,"81":0,"82":0,"83":0,"84":0,"85":0,"86":0,"87":0,"88":0,"89":0,"90":0,"91":0,"92":0,"93":0,"94":0,"95":0,"96":0,"97":0,"98":0,"99":0,"100":0,"101":0,"102":0,"103":0,"104":0,"105":0,"106":0},"f":{"0":0,"1":0,"2":0,"3":0,"4":0,"5":0,"6":0,"7":0,"8":0,"9":0,"10":0,"11":0,"12":0,"13":0,"14":0,"15":0,"16":0,"17":0},"b":{"0":[0,0],"1":[0,0],"2":[0,0],"3":[0,0],"4":[0,0],"5":[0,0],"6":[0,0],"7":[0,0],"8":[0,0],"9":[0,0],"10":[0,0],"11":[0,0,0],"12":[0,0],"13":[0,0],"14":[0,0],"15":[0,0],"16":[0,0],"17":[0,0],"18":[0,0],"19":[0,0],"20":[0,0],"21":[0,0],"22":[0,0],"23":[0,0],"24":[0,0],"25":[0,0],"26":[0,0],"27":[0,0],"28":[0,0],"29":[0,0],"30":[0,0],"31":[0,0],"32":[0,0],"33":[0,0],"34":[0,0],"35":[0,0],"36":[0,0],"37":[0,0],"38":[0,0],"39":[0,0],"40":[0,0],"41":[0,0],"42":[0,0],"43":[0,0],"44":[0,0],"45":[0,0],"46":[0,0]}}
,"/Users/admin/Desktop/DevGround/projects/DevFeed/src/features/auth/authService.ts": {"path":"/Users/admin/Desktop/DevGround/projects/DevFeed/src/features/auth/authService.ts","statementMap":{"0":{"start":{"line":6,"column":25},"end":{"line":9,"column":1}},"1":{"start":{"line":7,"column":17},"end":{"line":7,"column":72}},"2":{"start":{"line":8,"column":2},"end":{"line":8,"column":21}},"3":{"start":{"line":11,"column":26},"end":{"line":13,"column":1}},"4":{"start":{"line":12,"column":2},"end":{"line":12,"column":23}},"5":{"start":{"line":15,"column":28},"end":{"line":18,"column":1}},"6":{"start":{"line":16,"column":17},"end":{"line":16,"column":76}},"7":{"start":{"line":17,"column":2},"end":{"line":17,"column":21}},"8":{"start":{"line":20,"column":37},"end":{"line":29,"column":1}},"9":{"start":{"line":21,"column":2},"end":{"line":23,"column":3}},"10":{"start":{"line":22,"column":4},"end":{"line":22,"column":46}},"11":{"start":{"line":24,"column":2},"end":{"line":26,"column":5}},"12":{"start":{"line":27,"column":2},"end":{"line":27,"column":34}},"13":{"start":{"line":28,"column":2},"end":{"line":28,"column":26}}},"fnMap":{"0":{"name":"(anonymous_0)","decl":{"start":{"line":6,"column":25},"end":{"line":6,"column":26}},"loc":{"start":{"line":6,"column":68},"end":{"line":9,"column":1}},"line":6},"1":{"name":"(anonymous_1)","decl":{"start":{"line":11,"column":26},"end":{"line":11,"column":27}},"loc":{"start":{"line":11,"column":38},"end":{"line":13,"column":1}},"line":11},"2":{"name":"(anonymous_2)","decl":{"start":{"line":15,"column":28},"end":{"line":15,"column":29}},"loc":{"start":{"line":15,"column":71},"end":{"line":18,"column":1}},"line":15},"3":{"name":"(anonymous_3)","decl":{"start":{"line":20,"column":37},"end":{"line":20,"column":38}},"loc":{"start":{"line":20,"column":68},"end":{"line":29,"column":1}},"line":20}},"branchMap":{"0":{"loc":{"start":{"line":21,"column":2},"end":{"line":23,"column":3}},"type":"if","locations":[{"start":{"line":21,"column":2},"end":{"line":23,"column":3}},{"start":{},"end":{}}],"line":21}},"s":{"0":0,"1":0,"2":0,"3":0,"4":0,"5":0,"6":0,"7":0,"8":0,"9":0,"10":0,"11":0,"12":0,"13":0},"f":{"0":0,"1":0,"2":0,"3":0},"b":{"0":[0,0]}}
,"/Users/admin/Desktop/DevGround/projects/DevFeed/src/features/bookmarks/BookmarksScreen.tsx": {"path":"/Users/admin/Desktop/DevGround/projects/DevFeed/src/features/bookmarks/BookmarksScreen.tsx","statementMap":{"0":{"start":{"line":29,"column":24},"end":{"line":157,"column":1}},"1":{"start":{"line":30,"column":32},"end":{"line":30,"column":55}},"2":{"start":{"line":31,"column":32},"end":{"line":31,"column":53}},"3":{"start":{"line":32,"column":28},"end":{"line":32,"column":48}},"4":{"start":{"line":33,"column":40},"end":{"line":33,"column":52}},"5":{"start":{"line":34,"column":48},"end":{"line":34,"column":60}},"6":{"start":{"line":35,"column":38},"end":{"line":35,"column":62}},"7":{"start":{"line":37,"column":17},"end":{"line":37,"column":36}},"8":{"start":{"line":38,"column":21},"end":{"line":38,"column":31}},"9":{"start":{"line":39,"column":20},"end":{"line":39,"column":34}},"10":{"start":{"line":42,"column":25},"end":{"line":55,"column":8}},"11":{"start":{"line":43,"column":4},"end":{"line":54,"column":5}},"12":{"start":{"line":44,"column":6},"end":{"line":44,"column":38}},"13":{"start":{"line":44,"column":21},"end":{"line":44,"column":38}},"14":{"start":{"line":45,"column":19},"end":{"line":45,"column":39}},"15":{"start":{"line":46,"column":6},"end":{"line":46,"column":23}},"16":{"start":{"line":47,"column":6},"end":{"line":47,"column":19}},"17":{"start":{"line":49,"column":6},"end":{"line":49,"column":76}},"18":{"start":{"line":50,"column":6},"end":{"line":50,"column":24}},"19":{"start":{"line":52,"column":6},"end":{"line":52,"column":39}},"20":{"start":{"line":52,"column":21},"end":{"line":52,"column":39}},"21":{"start":{"line":57,"column":30},"end":{"line":57,"column":42}},"22":{"start":{"line":59,"column":2},"end":{"line":61,"column":24}},"23":{"start":{"line":60,"column":4},"end":{"line":60,"column":22}},"24":{"start":{"line":63,"column":2},"end":{"line":67,"column":34}},"25":{"start":{"line":64,"column":4},"end":{"line":66,"column":5}},"26":{"start":{"line":65,"column":6},"end":{"line":65,"column":42}},"27":{"start":{"line":69,"column":2},"end":{"line":75,"column":20}},"28":{"start":{"line":70,"column":22},"end":{"line":72,"column":11}},"29":{"start":{"line":71,"column":6},"end":{"line":71,"column":38}},"30":{"start":{"line":74,"column":4},"end":{"line":74,"column":41}},"31":{"start":{"line":74,"column":17},"end":{"line":74,"column":40}},"32":{"start":{"line":77,"column":26},"end":{"line":81,"column":32}},"33":{"start":{"line":78,"column":4},"end":{"line":80,"column":6}},"34":{"start":{"line":79,"column":6},"end":{"line":79,"column":71}},"35":{"start":{"line":83,"column":23},"end":{"line":86,"column":8}},"36":{"start":{"line":84,"column":4},"end":{"line":84,"column":29}},"37":{"start":{"line":85,"column":4},"end":{"line":85,"column":58}},"38":{"start":{"line":85,"column":25},"end":{"line":85,"column":56}},"39":{"start":{"line":85,"column":44},"end":{"line":85,"column":55}},"40":{"start":{"line":88,"column":26},"end":{"line":93,"column":3}},"41":{"start":{"line":90,"column":6},"end":{"line":90,"column":65}},"42":{"start":{"line":95,"column":20},"end":{"line":99,"column":22}},"43":{"start":{"line":96,"column":4},"end":{"line":96,"column":24}},"44":{"start":{"line":97,"column":4},"end":{"line":97,"column":32}},"45":{"start":{"line":98,"column":4},"end":{"line":98,"column":25}},"46":{"start":{"line":101,"column":2},"end":{"line":156,"column":4}},"47":{"start":{"line":117,"column":36},"end":{"line":117,"column":51}},"48":{"start":{"line":119,"column":14},"end":{"line":121,"column":21}},"49":{"start":{"line":126,"column":37},"end":{"line":126,"column":58}},"50":{"start":{"line":130,"column":36},"end":{"line":130,"column":54}},"51":{"start":{"line":161,"column":15},"end":{"line":174,"column":2}}},"fnMap":{"0":{"name":"(anonymous_0)","decl":{"start":{"line":29,"column":24},"end":{"line":29,"column":25}},"loc":{"start":{"line":29,"column":30},"end":{"line":157,"column":1}},"line":29},"1":{"name":"(anonymous_1)","decl":{"start":{"line":42,"column":37},"end":{"line":42,"column":38}},"loc":{"start":{"line":42,"column":66},"end":{"line":55,"column":3}},"line":42},"2":{"name":"(anonymous_2)","decl":{"start":{"line":59,"column":12},"end":{"line":59,"column":13}},"loc":{"start":{"line":59,"column":18},"end":{"line":61,"column":3}},"line":59},"3":{"name":"(anonymous_3)","decl":{"start":{"line":63,"column":12},"end":{"line":63,"column":13}},"loc":{"start":{"line":63,"column":18},"end":{"line":67,"column":3}},"line":63},"4":{"name":"(anonymous_4)","decl":{"start":{"line":69,"column":12},"end":{"line":69,"column":13}},"loc":{"start":{"line":69,"column":18},"end":{"line":75,"column":3}},"line":69},"5":{"name":"(anonymous_5)","decl":{"start":{"line":70,"column":33},"end":{"line":70,"column":34}},"loc":{"start":{"line":70,"column":39},"end":{"line":72,"column":5}},"line":70},"6":{"name":"(anonymous_6)","decl":{"start":{"line":74,"column":11},"end":{"line":74,"column":12}},"loc":{"start":{"line":74,"column":17},"end":{"line":74,"column":40}},"line":74},"7":{"name":"(anonymous_7)","decl":{"start":{"line":77,"column":34},"end":{"line":77,"column":35}},"loc":{"start":{"line":77,"column":40},"end":{"line":81,"column":3}},"line":77},"8":{"name":"(anonymous_8)","decl":{"start":{"line":78,"column":26},"end":{"line":78,"column":27}},"loc":{"start":{"line":79,"column":6},"end":{"line":79,"column":71}},"line":79},"9":{"name":"(anonymous_9)","decl":{"start":{"line":83,"column":35},"end":{"line":83,"column":36}},"loc":{"start":{"line":83,"column":57},"end":{"line":86,"column":3}},"line":83},"10":{"name":"(anonymous_10)","decl":{"start":{"line":85,"column":15},"end":{"line":85,"column":16}},"loc":{"start":{"line":85,"column":25},"end":{"line":85,"column":56}},"line":85},"11":{"name":"(anonymous_11)","decl":{"start":{"line":85,"column":37},"end":{"line":85,"column":38}},"loc":{"start":{"line":85,"column":44},"end":{"line":85,"column":55}},"line":85},"12":{"name":"(anonymous_12)","decl":{"start":{"line":89,"column":4},"end":{"line":89,"column":5}},"loc":{"start":{"line":90,"column":6},"end":{"line":90,"column":65}},"line":90},"13":{"name":"(anonymous_13)","decl":{"start":{"line":95,"column":32},"end":{"line":95,"column":33}},"loc":{"start":{"line":95,"column":44},"end":{"line":99,"column":3}},"line":95},"14":{"name":"(anonymous_14)","decl":{"start":{"line":117,"column":26},"end":{"line":117,"column":27}},"loc":{"start":{"line":117,"column":36},"end":{"line":117,"column":51}},"line":117},"15":{"name":"(anonymous_15)","decl":{"start":{"line":118,"column":24},"end":{"line":118,"column":25}},"loc":{"start":{"line":119,"column":14},"end":{"line":121,"column":21}},"line":119},"16":{"name":"(anonymous_16)","decl":{"start":{"line":126,"column":31},"end":{"line":126,"column":32}},"loc":{"start":{"line":126,"column":37},"end":{"line":126,"column":58}},"line":126},"17":{"name":"(anonymous_17)","decl":{"start":{"line":130,"column":26},"end":{"line":130,"column":27}},"loc":{"start":{"line":130,"column":36},"end":{"line":130,"column":54}},"line":130}},"branchMap":{"0":{"loc":{"start":{"line":42,"column":44},"end":{"line":42,"column":61}},"type":"default-arg","locations":[{"start":{"line":42,"column":56},"end":{"line":42,"column":61}}],"line":42},"1":{"loc":{"start":{"line":44,"column":6},"end":{"line":44,"column":38}},"type":"if","locations":[{"start":{"line":44,"column":6},"end":{"line":44,"column":38}},{"start":{},"end":{}}],"line":44},"2":{"loc":{"start":{"line":49,"column":15},"end":{"line":49,"column":74}},"type":"cond-expr","locations":[{"start":{"line":49,"column":38},"end":{"line":49,"column":49}},{"start":{"line":49,"column":52},"end":{"line":49,"column":74}}],"line":49},"3":{"loc":{"start":{"line":52,"column":6},"end":{"line":52,"column":39}},"type":"if","locations":[{"start":{"line":52,"column":6},"end":{"line":52,"column":39}},{"start":{},"end":{}}],"line":52},"4":{"loc":{"start":{"line":64,"column":4},"end":{"line":66,"column":5}},"type":"if","locations":[{"start":{"line":64,"column":4},"end":{"line":66,"column":5}},{"start":{},"end":{}}],"line":64},"5":{"loc":{"start":{"line":104,"column":16},"end":{"line":104,"column":60}},"type":"cond-expr","locations":[{"start":{"line":104,"column":40},"end":{"line":104,"column":49}},{"start":{"line":104,"column":52},"end":{"line":104,"column":60}}],"line":104},"6":{"loc":{"start":{"line":114,"column":9},"end":{"line":154,"column":9}},"type":"cond-expr","locations":[{"start":{"line":115,"column":10},"end":{"line":124,"column":12}},{"start":{"line":125,"column":12},"end":{"line":154,"column":9}}],"line":114},"7":{"loc":{"start":{"line":125,"column":12},"end":{"line":154,"column":9}},"type":"cond-expr","locations":[{"start":{"line":126,"column":10},"end":{"line":126,"column":62}},{"start":{"line":128,"column":10},"end":{"line":153,"column":12}}],"line":125}},"s":{"0":0,"1":0,"2":0,"3":0,"4":0,"5":0,"6":0,"7":0,"8":0,"9":0,"10":0,"11":0,"12":0,"13":0,"14":0,"15":0,"16":0,"17":0,"18":0,"19":0,"20":0,"21":0,"22":0,"23":0,"24":0,"25":0,"26":0,"27":0,"28":0,"29":0,"30":0,"31":0,"32":0,"33":0,"34":0,"35":0,"36":0,"37":0,"38":0,"39":0,"40":0,"41":0,"42":0,"43":0,"44":0,"45":0,"46":0,"47":0,"48":0,"49":0,"50":0,"51":0},"f":{"0":0,"1":0,"2":0,"3":0,"4":0,"5":0,"6":0,"7":0,"8":0,"9":0,"10":0,"11":0,"12":0,"13":0,"14":0,"15":0,"16":0,"17":0},"b":{"0":[0],"1":[0,0],"2":[0,0],"3":[0,0],"4":[0,0],"5":[0,0],"6":[0,0],"7":[0,0]}}
,"/Users/admin/Desktop/DevGround/projects/DevFeed/src/features/discussion/CommentItem.tsx": {"path":"/Users/admin/Desktop/DevGround/projects/DevFeed/src/features/discussion/CommentItem.tsx","statementMap":{"0":{"start":{"line":17,"column":19},"end":{"line":27,"column":1}},"1":{"start":{"line":18,"column":2},"end":{"line":18,"column":35}},"2":{"start":{"line":18,"column":18},"end":{"line":18,"column":35}},"3":{"start":{"line":19,"column":14},"end":{"line":19,"column":31}},"4":{"start":{"line":20,"column":15},"end":{"line":20,"column":42}},"5":{"start":{"line":22,"column":2},"end":{"line":22,"column":39}},"6":{"start":{"line":22,"column":17},"end":{"line":22,"column":39}},"7":{"start":{"line":23,"column":2},"end":{"line":23,"column":58}},"8":{"start":{"line":23,"column":19},"end":{"line":23,"column":58}},"9":{"start":{"line":24,"column":2},"end":{"line":24,"column":61}},"10":{"start":{"line":24,"column":20},"end":{"line":24,"column":61}},"11":{"start":{"line":25,"column":2},"end":{"line":25,"column":64}},"12":{"start":{"line":25,"column":22},"end":{"line":25,"column":64}},"13":{"start":{"line":26,"column":2},"end":{"line":26,"column":47}},"14":{"start":{"line":29,"column":20},"end":{"line":32,"column":1}},"15":{"start":{"line":30,"column":2},"end":{"line":30,"column":24}},"16":{"start":{"line":30,"column":13},"end":{"line":30,"column":24}},"17":{"start":{"line":31,"column":2},"end":{"line":31,"column":44}},"18":{"start":{"line":34,"column":20},"end":{"line":184,"column":1}},"19":{"start":{"line":39,"column":34},"end":{"line":39,"column":49}},"20":{"start":{"line":40,"column":29},"end":{"line":40,"column":39}},"21":{"start":{"line":41,"column":19},"end":{"line":41,"column":37}},"22":{"start":{"line":42,"column":23},"end":{"line":42,"column":38}},"23":{"start":{"line":44,"column":50},"end":{"line":46,"column":3}},"24":{"start":{"line":48,"column":19},"end":{"line":48,"column":28}},"25":{"start":{"line":49,"column":17},"end":{"line":49,"column":27}},"26":{"start":{"line":51,"column":2},"end":{"line":183,"column":4}},"27":{"start":{"line":125,"column":29},"end":{"line":125,"column":57}},"28":{"start":{"line":125,"column":51},"end":{"line":125,"column":56}},"29":{"start":{"line":165,"column":16},"end":{"line":169,"column":18}},"30":{"start":{"line":188,"column":15},"end":{"line":333,"column":2}}},"fnMap":{"0":{"name":"(anonymous_0)","decl":{"start":{"line":17,"column":19},"end":{"line":17,"column":20}},"loc":{"start":{"line":17,"column":43},"end":{"line":27,"column":1}},"line":17},"1":{"name":"(anonymous_1)","decl":{"start":{"line":29,"column":20},"end":{"line":29,"column":21}},"loc":{"start":{"line":29,"column":39},"end":{"line":32,"column":1}},"line":29},"2":{"name":"(anonymous_2)","decl":{"start":{"line":34,"column":20},"end":{"line":34,"column":21}},"loc":{"start":{"line":38,"column":24},"end":{"line":184,"column":1}},"line":38},"3":{"name":"(anonymous_3)","decl":{"start":{"line":125,"column":23},"end":{"line":125,"column":24}},"loc":{"start":{"line":125,"column":29},"end":{"line":125,"column":57}},"line":125},"4":{"name":"(anonymous_4)","decl":{"start":{"line":125,"column":41},"end":{"line":125,"column":42}},"loc":{"start":{"line":125,"column":51},"end":{"line":125,"column":56}},"line":125},"5":{"name":"(anonymous_5)","decl":{"start":{"line":164,"column":33},"end":{"line":164,"column":34}},"loc":{"start":{"line":165,"column":16},"end":{"line":169,"column":18}},"line":165}},"branchMap":{"0":{"loc":{"start":{"line":18,"column":2},"end":{"line":18,"column":35}},"type":"if","locations":[{"start":{"line":18,"column":2},"end":{"line":18,"column":35}},{"start":{},"end":{}}],"line":18},"1":{"loc":{"start":{"line":22,"column":2},"end":{"line":22,"column":39}},"type":"if","locations":[{"start":{"line":22,"column":2},"end":{"line":22,"column":39}},{"start":{},"end":{}}],"line":22},"2":{"loc":{"start":{"line":23,"column":2},"end":{"line":23,"column":58}},"type":"if","locations":[{"start":{"line":23,"column":2},"end":{"line":23,"column":58}},{"start":{},"end":{}}],"line":23},"3":{"loc":{"start":{"line":24,"column":2},"end":{"line":24,"column":61}},"type":"if","locations":[{"start":{"line":24,"column":2},"end":{"line":24,"column":61}},{"start":{},"end":{}}],"line":24},"4":{"loc":{"start":{"line":25,"column":2},"end":{"line":25,"column":64}},"type":"if","locations":[{"start":{"line":25,"column":2},"end":{"line":25,"column":64}},{"start":{},"end":{}}],"line":25},"5":{"loc":{"start":{"line":30,"column":2},"end":{"line":30,"column":24}},"type":"if","locations":[{"start":{"line":30,"column":2},"end":{"line":30,"column":24}},{"start":{},"end":{}}],"line":30},"6":{"loc":{"start":{"line":36,"column":2},"end":{"line":36,"column":11}},"type":"default-arg","locations":[{"start":{"line":36,"column":10},"end":{"line":36,"column":11}}],"line":36},"7":{"loc":{"start":{"line":37,"column":2},"end":{"line":37,"column":18}},"type":"default-arg","locations":[{"start":{"line":37,"column":13},"end":{"line":37,"column":18}}],"line":37},"8":{"loc":{"start":{"line":41,"column":19},"end":{"line":41,"column":37}},"type":"binary-expr","locations":[{"start":{"line":41,"column":19},"end":{"line":41,"column":31}},{"start":{"line":41,"column":35},"end":{"line":41,"column":37}}],"line":41},"9":{"loc":{"start":{"line":44,"column":16},"end":{"line":44,"column":34}},"type":"default-arg","locations":[{"start":{"line":44,"column":32},"end":{"line":44,"column":34}}],"line":44},"10":{"loc":{"start":{"line":45,"column":4},"end":{"line":45,"column":28}},"type":"cond-expr","locations":[{"start":{"line":45,"column":15},"end":{"line":45,"column":23}},{"start":{"line":45,"column":26},"end":{"line":45,"column":28}}],"line":45},"11":{"loc":{"start":{"line":55,"column":8},"end":{"line":55,"column":46}},"type":"binary-expr","locations":[{"start":{"line":55,"column":8},"end":{"line":55,"column":17}},{"start":{"line":55,"column":21},"end":{"line":55,"column":46}}],"line":55},"12":{"loc":{"start":{"line":56,"column":8},"end":{"line":56,"column":57}},"type":"binary-expr","locations":[{"start":{"line":56,"column":8},"end":{"line":56,"column":17}},{"start":{"line":56,"column":21},"end":{"line":56,"column":57}}],"line":56},"13":{"loc":{"start":{"line":65,"column":14},"end":{"line":65,"column":45}},"type":"binary-expr","locations":[{"start":{"line":65,"column":14},"end":{"line":65,"column":22}},{"start":{"line":65,"column":26},"end":{"line":65,"column":45}}],"line":65},"14":{"loc":{"start":{"line":72,"column":16},"end":{"line":72,"column":51}},"type":"binary-expr","locations":[{"start":{"line":72,"column":16},"end":{"line":72,"column":24}},{"start":{"line":72,"column":28},"end":{"line":72,"column":51}}],"line":72},"15":{"loc":{"start":{"line":85,"column":18},"end":{"line":85,"column":49}},"type":"binary-expr","locations":[{"start":{"line":85,"column":18},"end":{"line":85,"column":26}},{"start":{"line":85,"column":30},"end":{"line":85,"column":49}}],"line":85},"16":{"loc":{"start":{"line":90,"column":17},"end":{"line":90,"column":40}},"type":"binary-expr","locations":[{"start":{"line":90,"column":17},"end":{"line":90,"column":27}},{"start":{"line":90,"column":31},"end":{"line":90,"column":40}}],"line":90},"17":{"loc":{"start":{"line":92,"column":15},"end":{"line":101,"column":15}},"type":"binary-expr","locations":[{"start":{"line":92,"column":15},"end":{"line":92,"column":23}},{"start":{"line":93,"column":16},"end":{"line":100,"column":23}}],"line":92},"18":{"loc":{"start":{"line":105,"column":37},"end":{"line":105,"column":61}},"type":"cond-expr","locations":[{"start":{"line":105,"column":46},"end":{"line":105,"column":52}},{"start":{"line":105,"column":55},"end":{"line":105,"column":61}}],"line":105},"19":{"loc":{"start":{"line":117,"column":29},"end":{"line":117,"column":72}},"type":"binary-expr","locations":[{"start":{"line":117,"column":29},"end":{"line":117,"column":41}},{"start":{"line":117,"column":45},"end":{"line":117,"column":72}}],"line":117},"20":{"loc":{"start":{"line":121,"column":9},"end":{"line":144,"column":9}},"type":"binary-expr","locations":[{"start":{"line":121,"column":9},"end":{"line":121,"column":25}},{"start":{"line":122,"column":10},"end":{"line":143,"column":17}}],"line":121},"21":{"loc":{"start":{"line":129,"column":16},"end":{"line":129,"column":74}},"type":"cond-expr","locations":[{"start":{"line":129,"column":27},"end":{"line":129,"column":41}},{"start":{"line":129,"column":44},"end":{"line":129,"column":74}}],"line":129},"22":{"loc":{"start":{"line":133,"column":22},"end":{"line":133,"column":68}},"type":"cond-expr","locations":[{"start":{"line":133,"column":33},"end":{"line":133,"column":45}},{"start":{"line":133,"column":48},"end":{"line":133,"column":68}}],"line":133},"23":{"loc":{"start":{"line":138,"column":17},"end":{"line":140,"column":81}},"type":"cond-expr","locations":[{"start":{"line":139,"column":20},"end":{"line":139,"column":34}},{"start":{"line":140,"column":20},"end":{"line":140,"column":81}}],"line":138},"24":{"loc":{"start":{"line":140,"column":39},"end":{"line":140,"column":79}},"type":"cond-expr","locations":[{"start":{"line":140,"column":60},"end":{"line":140,"column":67}},{"start":{"line":140,"column":70},"end":{"line":140,"column":79}}],"line":140},"25":{"loc":{"start":{"line":148,"column":7},"end":{"line":181,"column":7}},"type":"binary-expr","locations":[{"start":{"line":148,"column":7},"end":{"line":148,"column":15}},{"start":{"line":149,"column":8},"end":{"line":180,"column":15}}],"line":148},"26":{"loc":{"start":{"line":152,"column":12},"end":{"line":152,"column":49}},"type":"binary-expr","locations":[{"start":{"line":152,"column":12},"end":{"line":152,"column":18}},{"start":{"line":152,"column":22},"end":{"line":152,"column":49}}],"line":152},"27":{"loc":{"start":{"line":154,"column":31},"end":{"line":154,"column":61}},"type":"cond-expr","locations":[{"start":{"line":154,"column":40},"end":{"line":154,"column":49}},{"start":{"line":154,"column":52},"end":{"line":154,"column":61}}],"line":154},"28":{"loc":{"start":{"line":158,"column":11},"end":{"line":179,"column":11}},"type":"cond-expr","locations":[{"start":{"line":159,"column":12},"end":{"line":161,"column":19}},{"start":{"line":163,"column":12},"end":{"line":178,"column":15}}],"line":158},"29":{"loc":{"start":{"line":171,"column":15},"end":{"line":177,"column":15}},"type":"binary-expr","locations":[{"start":{"line":171,"column":15},"end":{"line":171,"column":50}},{"start":{"line":172,"column":16},"end":{"line":176,"column":35}}],"line":171}},"s":{"0":0,"1":0,"2":0,"3":0,"4":0,"5":0,"6":0,"7":0,"8":0,"9":0,"10":0,"11":0,"12":0,"13":0,"14":0,"15":0,"16":0,"17":0,"18":0,"19":0,"20":0,"21":0,"22":0,"23":0,"24":0,"25":0,"26":0,"27":0,"28":0,"29":0,"30":0},"f":{"0":0,"1":0,"2":0,"3":0,"4":0,"5":0},"b":{"0":[0,0],"1":[0,0],"2":[0,0],"3":[0,0],"4":[0,0],"5":[0,0],"6":[0],"7":[0],"8":[0,0],"9":[0],"10":[0,0],"11":[0,0],"12":[0,0],"13":[0,0],"14":[0,0],"15":[0,0],"16":[0,0],"17":[0,0],"18":[0,0],"19":[0,0],"20":[0,0],"21":[0,0],"22":[0,0],"23":[0,0],"24":[0,0],"25":[0,0],"26":[0,0],"27":[0,0],"28":[0,0],"29":[0,0]}}
,"/Users/admin/Desktop/DevGround/projects/DevFeed/src/features/discussion/Discussion.tsx": {"path":"/Users/admin/Desktop/DevGround/projects/DevFeed/src/features/discussion/Discussion.tsx","statementMap":{"0":{"start":{"line":30,"column":23},"end":{"line":207,"column":1}},"1":{"start":{"line":35,"column":34},"end":{"line":35,"column":59}},"2":{"start":{"line":36,"column":42},"end":{"line":36,"column":54}},"3":{"start":{"line":37,"column":34},"end":{"line":37,"column":57}},"4":{"start":{"line":38,"column":52},"end":{"line":38,"column":67}},"5":{"start":{"line":40,"column":21},"end":{"line":40,"column":31}},"6":{"start":{"line":42,"column":19},"end":{"line":42,"column":36}},"7":{"start":{"line":43,"column":23},"end":{"line":45,"column":5}},"8":{"start":{"line":43,"column":47},"end":{"line":45,"column":3}},"9":{"start":{"line":47,"column":53},"end":{"line":51,"column":4}},"10":{"start":{"line":49,"column":19},"end":{"line":49,"column":36}},"11":{"start":{"line":53,"column":24},"end":{"line":53,"column":41}},"12":{"start":{"line":55,"column":2},"end":{"line":94,"column":77}},"13":{"start":{"line":56,"column":4},"end":{"line":60,"column":5}},"14":{"start":{"line":57,"column":6},"end":{"line":57,"column":22}},"15":{"start":{"line":58,"column":6},"end":{"line":58,"column":26}},"16":{"start":{"line":59,"column":6},"end":{"line":59,"column":13}},"17":{"start":{"line":62,"column":4},"end":{"line":64,"column":5}},"18":{"start":{"line":63,"column":6},"end":{"line":63,"column":13}},"19":{"start":{"line":66,"column":20},"end":{"line":66,"column":70}},"20":{"start":{"line":67,"column":4},"end":{"line":69,"column":5}},"21":{"start":{"line":68,"column":6},"end":{"line":68,"column":13}},"22":{"start":{"line":71,"column":21},"end":{"line":71,"column":26}},"23":{"start":{"line":72,"column":4},"end":{"line":72,"column":31}},"24":{"start":{"line":74,"column":4},"end":{"line":89,"column":9}},"25":{"start":{"line":76,"column":8},"end":{"line":78,"column":9}},"26":{"start":{"line":77,"column":10},"end":{"line":77,"column":59}},"27":{"start":{"line":77,"column":32},"end":{"line":77,"column":57}},"28":{"start":{"line":81,"column":8},"end":{"line":83,"column":9}},"29":{"start":{"line":82,"column":10},"end":{"line":82,"column":38}},"30":{"start":{"line":82,"column":32},"end":{"line":82,"column":36}},"31":{"start":{"line":86,"column":8},"end":{"line":88,"column":9}},"32":{"start":{"line":87,"column":10},"end":{"line":87,"column":38}},"33":{"start":{"line":91,"column":4},"end":{"line":93,"column":6}},"34":{"start":{"line":92,"column":6},"end":{"line":92,"column":24}},"35":{"start":{"line":96,"column":2},"end":{"line":101,"column":17}},"36":{"start":{"line":97,"column":4},"end":{"line":100,"column":7}},"37":{"start":{"line":103,"column":27},"end":{"line":105,"column":3}},"38":{"start":{"line":104,"column":4},"end":{"line":104,"column":33}},"39":{"start":{"line":104,"column":26},"end":{"line":104,"column":31}},"40":{"start":{"line":108,"column":4},"end":{"line":108,"column":66}},"41":{"start":{"line":110,"column":26},"end":{"line":110,"column":64}},"42":{"start":{"line":112,"column":2},"end":{"line":206,"column":4}},"43":{"start":{"line":176,"column":20},"end":{"line":176,"column":70}},"44":{"start":{"line":190,"column":37},"end":{"line":190,"column":73}},"45":{"start":{"line":190,"column":63},"end":{"line":190,"column":72}},"46":{"start":{"line":211,"column":15},"end":{"line":368,"column":2}}},"fnMap":{"0":{"name":"(anonymous_0)","decl":{"start":{"line":30,"column":23},"end":{"line":30,"column":24}},"loc":{"start":{"line":34,"column":23},"end":{"line":207,"column":1}},"line":34},"1":{"name":"(anonymous_1)","decl":{"start":{"line":43,"column":40},"end":{"line":43,"column":41}},"loc":{"start":{"line":43,"column":47},"end":{"line":45,"column":3}},"line":43},"2":{"name":"(anonymous_2)","decl":{"start":{"line":49,"column":13},"end":{"line":49,"column":14}},"loc":{"start":{"line":49,"column":19},"end":{"line":49,"column":36}},"line":49},"3":{"name":"(anonymous_3)","decl":{"start":{"line":55,"column":12},"end":{"line":55,"column":13}},"loc":{"start":{"line":55,"column":18},"end":{"line":94,"column":3}},"line":55},"4":{"name":"(anonymous_4)","decl":{"start":{"line":75,"column":12},"end":{"line":75,"column":13}},"loc":{"start":{"line":75,"column":29},"end":{"line":79,"column":7}},"line":75},"5":{"name":"(anonymous_5)","decl":{"start":{"line":77,"column":22},"end":{"line":77,"column":23}},"loc":{"start":{"line":77,"column":32},"end":{"line":77,"column":57}},"line":77},"6":{"name":"(anonymous_6)","decl":{"start":{"line":80,"column":13},"end":{"line":80,"column":14}},"loc":{"start":{"line":80,"column":19},"end":{"line":84,"column":7}},"line":80},"7":{"name":"(anonymous_7)","decl":{"start":{"line":82,"column":22},"end":{"line":82,"column":23}},"loc":{"start":{"line":82,"column":32},"end":{"line":82,"column":36}},"line":82},"8":{"name":"(anonymous_8)","decl":{"start":{"line":85,"column":15},"end":{"line":85,"column":16}},"loc":{"start":{"line":85,"column":21},"end":{"line":89,"column":7}},"line":85},"9":{"name":"(anonymous_9)","decl":{"start":{"line":91,"column":11},"end":{"line":91,"column":12}},"loc":{"start":{"line":91,"column":17},"end":{"line":93,"column":5}},"line":91},"10":{"name":"(anonymous_10)","decl":{"start":{"line":96,"column":12},"end":{"line":96,"column":13}},"loc":{"start":{"line":96,"column":18},"end":{"line":101,"column":3}},"line":96},"11":{"name":"(anonymous_11)","decl":{"start":{"line":103,"column":27},"end":{"line":103,"column":28}},"loc":{"start":{"line":103,"column":33},"end":{"line":105,"column":3}},"line":103},"12":{"name":"(anonymous_12)","decl":{"start":{"line":104,"column":16},"end":{"line":104,"column":17}},"loc":{"start":{"line":104,"column":26},"end":{"line":104,"column":31}},"line":104},"13":{"name":"(anonymous_13)","decl":{"start":{"line":175,"column":32},"end":{"line":175,"column":33}},"loc":{"start":{"line":176,"column":20},"end":{"line":176,"column":70}},"line":176},"14":{"name":"(anonymous_14)","decl":{"start":{"line":190,"column":31},"end":{"line":190,"column":32}},"loc":{"start":{"line":190,"column":37},"end":{"line":190,"column":73}},"line":190},"15":{"name":"(anonymous_15)","decl":{"start":{"line":190,"column":53},"end":{"line":190,"column":54}},"loc":{"start":{"line":190,"column":63},"end":{"line":190,"column":72}},"line":190}},"branchMap":{"0":{"loc":{"start":{"line":33,"column":2},"end":{"line":33,"column":25}},"type":"default-arg","locations":[{"start":{"line":33,"column":20},"end":{"line":33,"column":25}}],"line":33},"1":{"loc":{"start":{"line":53,"column":24},"end":{"line":53,"column":41}},"type":"binary-expr","locations":[{"start":{"line":53,"column":24},"end":{"line":53,"column":35}},{"start":{"line":53,"column":39},"end":{"line":53,"column":41}}],"line":53},"2":{"loc":{"start":{"line":56,"column":4},"end":{"line":60,"column":5}},"type":"if","locations":[{"start":{"line":56,"column":4},"end":{"line":60,"column":5}},{"start":{},"end":{}}],"line":56},"3":{"loc":{"start":{"line":62,"column":4},"end":{"line":64,"column":5}},"type":"if","locations":[{"start":{"line":62,"column":4},"end":{"line":64,"column":5}},{"start":{},"end":{}}],"line":62},"4":{"loc":{"start":{"line":67,"column":4},"end":{"line":69,"column":5}},"type":"if","locations":[{"start":{"line":67,"column":4},"end":{"line":69,"column":5}},{"start":{},"end":{}}],"line":67},"5":{"loc":{"start":{"line":76,"column":8},"end":{"line":78,"column":9}},"type":"if","locations":[{"start":{"line":76,"column":8},"end":{"line":78,"column":9}},{"start":{},"end":{}}],"line":76},"6":{"loc":{"start":{"line":81,"column":8},"end":{"line":83,"column":9}},"type":"if","locations":[{"start":{"line":81,"column":8},"end":{"line":83,"column":9}},{"start":{},"end":{}}],"line":81},"7":{"loc":{"start":{"line":86,"column":8},"end":{"line":88,"column":9}},"type":"if","locations":[{"start":{"line":86,"column":8},"end":{"line":88,"column":9}},{"start":{},"end":{}}],"line":86},"8":{"loc":{"start":{"line":97,"column":32},"end":{"line":97,"column":50}},"type":"cond-expr","locations":[{"start":{"line":97,"column":43},"end":{"line":97,"column":46}},{"start":{"line":97,"column":49},"end":{"line":97,"column":50}}],"line":97},"9":{"loc":{"start":{"line":108,"column":4},"end":{"line":108,"column":66}},"type":"binary-expr","locations":[{"start":{"line":108,"column":4},"end":{"line":108,"column":18}},{"start":{"line":108,"column":23},"end":{"line":108,"column":40}},{"start":{"line":108,"column":44},"end":{"line":108,"column":65}}],"line":108},"10":{"loc":{"start":{"line":153,"column":7},"end":{"line":204,"column":7}},"type":"cond-expr","locations":[{"start":{"line":154,"column":8},"end":{"line":156,"column":15}},{"start":{"line":158,"column":8},"end":{"line":203,"column":24}}],"line":153},"11":{"loc":{"start":{"line":163,"column":11},"end":{"line":202,"column":11}},"type":"cond-expr","locations":[{"start":{"line":164,"column":12},"end":{"line":166,"column":19}},{"start":{"line":168,"column":12},"end":{"line":201,"column":19}}],"line":163},"12":{"loc":{"start":{"line":169,"column":15},"end":{"line":200,"column":15}},"type":"cond-expr","locations":[{"start":{"line":170,"column":16},"end":{"line":172,"column":23}},{"start":{"line":174,"column":16},"end":{"line":199,"column":19}}],"line":169},"13":{"loc":{"start":{"line":179,"column":19},"end":{"line":186,"column":19}},"type":"binary-expr","locations":[{"start":{"line":179,"column":19},"end":{"line":179,"column":36}},{"start":{"line":179,"column":40},"end":{"line":179,"column":59}},{"start":{"line":180,"column":20},"end":{"line":185,"column":27}}],"line":179},"14":{"loc":{"start":{"line":188,"column":19},"end":{"line":198,"column":19}},"type":"binary-expr","locations":[{"start":{"line":188,"column":19},"end":{"line":188,"column":34}},{"start":{"line":189,"column":20},"end":{"line":197,"column":39}}],"line":188},"15":{"loc":{"start":{"line":192,"column":53},"end":{"line":192,"column":95}},"type":"binary-expr","locations":[{"start":{"line":192,"column":53},"end":{"line":192,"column":70}},{"start":{"line":192,"column":74},"end":{"line":192,"column":95}}],"line":192}},"s":{"0":0,"1":0,"2":0,"3":0,"4":0,"5":0,"6":0,"7":0,"8":0,"9":0,"10":0,"11":0,"12":0,"13":0,"14":0,"15":0,"16":0,"17":0,"18":0,"19":0,"20":0,"21":0,"22":0,"23":0,"24":0,"25":0,"26":0,"27":0,"28":0,"29":0,"30":0,"31":0,"32":0,"33":0,"34":0,"35":0,"36":0,"37":0,"38":0,"39":0,"40":0,"41":0,"42":0,"43":0,"44":0,"45":0,"46":0},"f":{"0":0,"1":0,"2":0,"3":0,"4":0,"5":0,"6":0,"7":0,"8":0,"9":0,"10":0,"11":0,"12":0,"13":0,"14":0,"15":0},"b":{"0":[0],"1":[0,0],"2":[0,0],"3":[0,0],"4":[0,0],"5":[0,0],"6":[0,0],"7":[0,0],"8":[0,0],"9":[0,0,0],"10":[0,0],"11":[0,0],"12":[0,0],"13":[0,0,0],"14":[0,0],"15":[0,0]}}
,"/Users/admin/Desktop/DevGround/projects/DevFeed/src/features/discussion/useCommentQuery.ts": {"path":"/Users/admin/Desktop/DevGround/projects/DevFeed/src/features/discussion/useCommentQuery.ts","statementMap":{"0":{"start":{"line":4,"column":32},"end":{"line":14,"column":1}},"1":{"start":{"line":5,"column":2},"end":{"line":13,"column":5}},"2":{"start":{"line":11,"column":6},"end":{"line":11,"column":51}}},"fnMap":{"0":{"name":"(anonymous_0)","decl":{"start":{"line":4,"column":32},"end":{"line":4,"column":33}},"loc":{"start":{"line":4,"column":58},"end":{"line":14,"column":1}},"line":4},"1":{"name":"(anonymous_1)","decl":{"start":{"line":10,"column":13},"end":{"line":10,"column":14}},"loc":{"start":{"line":10,"column":25},"end":{"line":12,"column":5}},"line":10}},"branchMap":{},"s":{"0":0,"1":0,"2":0},"f":{"0":0,"1":0},"b":{}}
,"/Users/admin/Desktop/DevGround/projects/DevFeed/src/features/feed/ArticleDetailScreen.tsx": {"path":"/Users/admin/Desktop/DevGround/projects/DevFeed/src/features/feed/ArticleDetailScreen.tsx","statementMap":{"0":{"start":{"line":11,"column":28},"end":{"line":38,"column":1}},"1":{"start":{"line":12,"column":16},"end":{"line":12,"column":31}},"2":{"start":{"line":13,"column":38},"end":{"line":13,"column":50}},"3":{"start":{"line":14,"column":21},"end":{"line":14,"column":31}},"4":{"start":{"line":15,"column":23},"end":{"line":15,"column":45}},"5":{"start":{"line":16,"column":30},"end":{"line":16,"column":42}},"6":{"start":{"line":18,"column":2},"end":{"line":20,"column":24}},"7":{"start":{"line":19,"column":4},"end":{"line":19,"column":22}},"8":{"start":{"line":22,"column":2},"end":{"line":37,"column":4}},"9":{"start":{"line":42,"column":15},"end":{"line":54,"column":2}}},"fnMap":{"0":{"name":"(anonymous_0)","decl":{"start":{"line":11,"column":28},"end":{"line":11,"column":29}},"loc":{"start":{"line":11,"column":34},"end":{"line":38,"column":1}},"line":11},"1":{"name":"(anonymous_1)","decl":{"start":{"line":18,"column":12},"end":{"line":18,"column":13}},"loc":{"start":{"line":18,"column":18},"end":{"line":20,"column":3}},"line":18}},"branchMap":{"0":{"loc":{"start":{"line":15,"column":23},"end":{"line":15,"column":45}},"type":"binary-expr","locations":[{"start":{"line":15,"column":23},"end":{"line":15,"column":40}},{"start":{"line":15,"column":44},"end":{"line":15,"column":45}}],"line":15}},"s":{"0":0,"1":0,"2":0,"3":0,"4":0,"5":0,"6":0,"7":0,"8":0,"9":0},"f":{"0":0,"1":0},"b":{"0":[0,0]}}
,"/Users/admin/Desktop/DevGround/projects/DevFeed/src/features/feed/ArticleWebViewScreen.tsx": {"path":"/Users/admin/Desktop/DevGround/projects/DevFeed/src/features/feed/ArticleWebViewScreen.tsx","statementMap":{"0":{"start":{"line":14,"column":29},"end":{"line":55,"column":1}},"1":{"start":{"line":15,"column":16},"end":{"line":15,"column":31}},"2":{"start":{"line":16,"column":18},"end":{"line":16,"column":45}},"3":{"start":{"line":17,"column":21},"end":{"line":17,"column":31}},"4":{"start":{"line":18,"column":36},"end":{"line":18,"column":50}},"5":{"start":{"line":19,"column":30},"end":{"line":19,"column":42}},"6":{"start":{"line":21,"column":2},"end":{"line":23,"column":24}},"7":{"start":{"line":22,"column":4},"end":{"line":22,"column":22}},"8":{"start":{"line":25,"column":2},"end":{"line":31,"column":3}},"9":{"start":{"line":26,"column":4},"end":{"line":30,"column":6}},"10":{"start":{"line":33,"column":2},"end":{"line":54,"column":4}},"11":{"start":{"line":40,"column":12},"end":{"line":43,"column":19}},"12":{"start":{"line":45,"column":27},"end":{"line":45,"column":46}},"13":{"start":{"line":59,"column":15},"end":{"line":86,"column":2}}},"fnMap":{"0":{"name":"(anonymous_0)","decl":{"start":{"line":14,"column":29},"end":{"line":14,"column":30}},"loc":{"start":{"line":14,"column":35},"end":{"line":55,"column":1}},"line":14},"1":{"name":"(anonymous_1)","decl":{"start":{"line":21,"column":12},"end":{"line":21,"column":13}},"loc":{"start":{"line":21,"column":18},"end":{"line":23,"column":3}},"line":21},"2":{"name":"(anonymous_2)","decl":{"start":{"line":39,"column":25},"end":{"line":39,"column":26}},"loc":{"start":{"line":40,"column":12},"end":{"line":43,"column":19}},"line":40},"3":{"name":"(anonymous_3)","decl":{"start":{"line":45,"column":21},"end":{"line":45,"column":22}},"loc":{"start":{"line":45,"column":27},"end":{"line":45,"column":46}},"line":45}},"branchMap":{"0":{"loc":{"start":{"line":25,"column":2},"end":{"line":31,"column":3}},"type":"if","locations":[{"start":{"line":25,"column":2},"end":{"line":31,"column":3}},{"start":{},"end":{}}],"line":25},"1":{"loc":{"start":{"line":48,"column":59},"end":{"line":48,"column":76}},"type":"cond-expr","locations":[{"start":{"line":48,"column":71},"end":{"line":48,"column":72}},{"start":{"line":48,"column":75},"end":{"line":48,"column":76}}],"line":48}},"s":{"0":0,"1":0,"2":0,"3":0,"4":0,"5":0,"6":0,"7":0,"8":0,"9":0,"10":0,"11":0,"12":0,"13":0},"f":{"0":0,"1":0,"2":0,"3":0},"b":{"0":[0,0],"1":[0,0]}}
,"/Users/admin/Desktop/DevGround/projects/DevFeed/src/features/feed/HomeScreen.tsx": {"path":"/Users/admin/Desktop/DevGround/projects/DevFeed/src/features/feed/HomeScreen.tsx","statementMap":{"0":{"start":{"line":45,"column":19},"end":{"line":291,"column":1}},"1":{"start":{"line":46,"column":32},"end":{"line":46,"column":53}},"2":{"start":{"line":47,"column":21},"end":{"line":47,"column":36}},"3":{"start":{"line":48,"column":20},"end":{"line":48,"column":22}},"4":{"start":{"line":49,"column":26},"end":{"line":49,"column":37}},"5":{"start":{"line":50,"column":40},"end":{"line":50,"column":55}},"6":{"start":{"line":51,"column":40},"end":{"line":51,"column":52}},"7":{"start":{"line":52,"column":48},"end":{"line":52,"column":60}},"8":{"start":{"line":53,"column":21},"end":{"line":53,"column":34}},"9":{"start":{"line":54,"column":26},"end":{"line":54,"column":44}},"10":{"start":{"line":55,"column":21},"end":{"line":55,"column":31}},"11":{"start":{"line":56,"column":32},"end":{"line":56,"column":47}},"12":{"start":{"line":57,"column":52},"end":{"line":57,"column":66}},"13":{"start":{"line":59,"column":42},"end":{"line":59,"column":63}},"14":{"start":{"line":65,"column":6},"end":{"line":65,"column":35}},"15":{"start":{"line":68,"column":4},"end":{"line":68,"column":60}},"16":{"start":{"line":70,"column":22},"end":{"line":70,"column":38}},"17":{"start":{"line":72,"column":2},"end":{"line":74,"column":37}},"18":{"start":{"line":73,"column":4},"end":{"line":73,"column":47}},"19":{"start":{"line":76,"column":30},"end":{"line":76,"column":42}},"20":{"start":{"line":78,"column":2},"end":{"line":80,"column":24}},"21":{"start":{"line":79,"column":4},"end":{"line":79,"column":22}},"22":{"start":{"line":82,"column":2},"end":{"line":86,"column":21}},"23":{"start":{"line":83,"column":4},"end":{"line":83,"column":19}},"24":{"start":{"line":84,"column":4},"end":{"line":84,"column":15}},"25":{"start":{"line":85,"column":4},"end":{"line":85,"column":31}},"26":{"start":{"line":88,"column":24},"end":{"line":109,"column":8}},"27":{"start":{"line":89,"column":4},"end":{"line":89,"column":31}},"28":{"start":{"line":90,"column":4},"end":{"line":108,"column":5}},"29":{"start":{"line":91,"column":27},"end":{"line":91,"column":50}},"30":{"start":{"line":93,"column":19},"end":{"line":101,"column":7}},"31":{"start":{"line":95,"column":10},"end":{"line":99,"column":12}},"32":{"start":{"line":97,"column":27},"end":{"line":97,"column":39}},"33":{"start":{"line":102,"column":6},"end":{"line":102,"column":23}},"34":{"start":{"line":103,"column":6},"end":{"line":103,"column":17}},"35":{"start":{"line":105,"column":6},"end":{"line":105,"column":22}},"36":{"start":{"line":107,"column":6},"end":{"line":107,"column":34}},"37":{"start":{"line":111,"column":2},"end":{"line":115,"column":30}},"38":{"start":{"line":112,"column":4},"end":{"line":114,"column":5}},"39":{"start":{"line":113,"column":6},"end":{"line":113,"column":28}},"40":{"start":{"line":117,"column":19},"end":{"line":145,"column":46}},"41":{"start":{"line":118,"column":4},"end":{"line":118,"column":76}},"42":{"start":{"line":118,"column":69},"end":{"line":118,"column":76}},"43":{"start":{"line":119,"column":21},"end":{"line":119,"column":29}},"44":{"start":{"line":120,"column":18},"end":{"line":120,"column":34}},"45":{"start":{"line":121,"column":16},"end":{"line":121,"column":33}},"46":{"start":{"line":122,"column":20},"end":{"line":122,"column":44}},"47":{"start":{"line":123,"column":4},"end":{"line":123,"column":37}},"48":{"start":{"line":123,"column":30},"end":{"line":123,"column":37}},"49":{"start":{"line":124,"column":4},"end":{"line":144,"column":5}},"50":{"start":{"line":125,"column":6},"end":{"line":125,"column":32}},"51":{"start":{"line":126,"column":6},"end":{"line":126,"column":27}},"52":{"start":{"line":128,"column":25},"end":{"line":136,"column":7}},"53":{"start":{"line":130,"column":10},"end":{"line":134,"column":12}},"54":{"start":{"line":132,"column":27},"end":{"line":132,"column":39}},"55":{"start":{"line":137,"column":6},"end":{"line":137,"column":53}},"56":{"start":{"line":137,"column":27},"end":{"line":137,"column":51}},"57":{"start":{"line":138,"column":6},"end":{"line":138,"column":24}},"58":{"start":{"line":140,"column":6},"end":{"line":140,"column":22}},"59":{"start":{"line":142,"column":6},"end":{"line":142,"column":33}},"60":{"start":{"line":143,"column":6},"end":{"line":143,"column":28}},"61":{"start":{"line":147,"column":2},"end":{"line":153,"column":19}},"62":{"start":{"line":148,"column":4},"end":{"line":152,"column":7}},"63":{"start":{"line":150,"column":8},"end":{"line":150,"column":79}},"64":{"start":{"line":155,"column":21},"end":{"line":166,"column":3}},"65":{"start":{"line":157,"column":6},"end":{"line":163,"column":22}},"66":{"start":{"line":168,"column":29},"end":{"line":186,"column":8}},"67":{"start":{"line":169,"column":4},"end":{"line":185,"column":6}},"68":{"start":{"line":188,"column":2},"end":{"line":194,"column":20}},"69":{"start":{"line":189,"column":22},"end":{"line":191,"column":11}},"70":{"start":{"line":190,"column":6},"end":{"line":190,"column":38}},"71":{"start":{"line":193,"column":4},"end":{"line":193,"column":41}},"72":{"start":{"line":193,"column":17},"end":{"line":193,"column":40}},"73":{"start":{"line":196,"column":26},"end":{"line":200,"column":32}},"74":{"start":{"line":197,"column":4},"end":{"line":199,"column":6}},"75":{"start":{"line":198,"column":6},"end":{"line":198,"column":71}},"76":{"start":{"line":202,"column":2},"end":{"line":290,"column":4}},"77":{"start":{"line":239,"column":40},"end":{"line":239,"column":55}},"78":{"start":{"line":241,"column":18},"end":{"line":243,"column":25}},"79":{"start":{"line":269,"column":44},"end":{"line":269,"column":62}},"80":{"start":{"line":295,"column":15},"end":{"line":316,"column":2}}},"fnMap":{"0":{"name":"(anonymous_0)","decl":{"start":{"line":45,"column":19},"end":{"line":45,"column":20}},"loc":{"start":{"line":45,"column":25},"end":{"line":291,"column":1}},"line":45},"1":{"name":"(anonymous_1)","decl":{"start":{"line":72,"column":12},"end":{"line":72,"column":13}},"loc":{"start":{"line":72,"column":18},"end":{"line":74,"column":3}},"line":72},"2":{"name":"(anonymous_2)","decl":{"start":{"line":78,"column":12},"end":{"line":78,"column":13}},"loc":{"start":{"line":78,"column":18},"end":{"line":80,"column":3}},"line":78},"3":{"name":"(anonymous_3)","decl":{"start":{"line":82,"column":12},"end":{"line":82,"column":13}},"loc":{"start":{"line":82,"column":18},"end":{"line":86,"column":3}},"line":82},"4":{"name":"(anonymous_4)","decl":{"start":{"line":88,"column":36},"end":{"line":88,"column":37}},"loc":{"start":{"line":88,"column":61},"end":{"line":109,"column":3}},"line":88},"5":{"name":"(anonymous_5)","decl":{"start":{"line":94,"column":25},"end":{"line":94,"column":26}},"loc":{"start":{"line":95,"column":10},"end":{"line":99,"column":12}},"line":95},"6":{"name":"(anonymous_6)","decl":{"start":{"line":97,"column":21},"end":{"line":97,"column":22}},"loc":{"start":{"line":97,"column":27},"end":{"line":97,"column":39}},"line":97},"7":{"name":"(anonymous_7)","decl":{"start":{"line":111,"column":12},"end":{"line":111,"column":13}},"loc":{"start":{"line":111,"column":18},"end":{"line":115,"column":3}},"line":111},"8":{"name":"(anonymous_8)","decl":{"start":{"line":117,"column":31},"end":{"line":117,"column":32}},"loc":{"start":{"line":117,"column":43},"end":{"line":145,"column":3}},"line":117},"9":{"name":"(anonymous_9)","decl":{"start":{"line":129,"column":20},"end":{"line":129,"column":21}},"loc":{"start":{"line":130,"column":10},"end":{"line":134,"column":12}},"line":130},"10":{"name":"(anonymous_10)","decl":{"start":{"line":132,"column":21},"end":{"line":132,"column":22}},"loc":{"start":{"line":132,"column":27},"end":{"line":132,"column":39}},"line":132},"11":{"name":"(anonymous_11)","decl":{"start":{"line":137,"column":17},"end":{"line":137,"column":18}},"loc":{"start":{"line":137,"column":27},"end":{"line":137,"column":51}},"line":137},"12":{"name":"(anonymous_12)","decl":{"start":{"line":147,"column":18},"end":{"line":147,"column":19}},"loc":{"start":{"line":147,"column":24},"end":{"line":153,"column":3}},"line":147},"13":{"name":"(anonymous_13)","decl":{"start":{"line":149,"column":19},"end":{"line":149,"column":20}},"loc":{"start":{"line":150,"column":8},"end":{"line":150,"column":79}},"line":150},"14":{"name":"(anonymous_14)","decl":{"start":{"line":156,"column":4},"end":{"line":156,"column":5}},"loc":{"start":{"line":157,"column":6},"end":{"line":163,"column":22}},"line":157},"15":{"name":"(anonymous_15)","decl":{"start":{"line":168,"column":37},"end":{"line":168,"column":38}},"loc":{"start":{"line":168,"column":43},"end":{"line":186,"column":3}},"line":168},"16":{"name":"(anonymous_16)","decl":{"start":{"line":188,"column":12},"end":{"line":188,"column":1
[...]
,"/Users/admin/Desktop/DevGround/projects/DevFeed/src/shared/hooks/useTheme.ts": {"path":"/Users/admin/Desktop/DevGround/projects/DevFeed/src/shared/hooks/useTheme.ts","statementMap":{"0":{"start":{"line":32,"column":23},"end":{"line":41,"column":2}},"1":{"start":{"line":32,"column":58},"end":{"line":41,"column":1}},"2":{"start":{"line":43,"column":21},"end":{"line":43,"column":65}},"3":{"start":{"line":45,"column":70},"end":{"line":90,"column":1}},"4":{"start":{"line":48,"column":28},"end":{"line":48,"column":44}},"5":{"start":{"line":49,"column":41},"end":{"line":49,"column":70}},"6":{"start":{"line":51,"column":2},"end":{"line":61,"column":9}},"7":{"start":{"line":52,"column":4},"end":{"line":60,"column":9}},"8":{"start":{"line":54,"column":8},"end":{"line":56,"column":9}},"9":{"start":{"line":55,"column":10},"end":{"line":55,"column":36}},"10":{"start":{"line":59,"column":8},"end":{"line":59,"column":61}},"11":{"start":{"line":63,"column":23},"end":{"line":70,"column":3}},"12":{"start":{"line":64,"column":4},"end":{"line":64,"column":28}},"13":{"start":{"line":65,"column":4},"end":{"line":69,"column":5}},"14":{"start":{"line":66,"column":6},"end":{"line":66,"column":64}},"15":{"start":{"line":68,"column":6},"end":{"line":68,"column":59}},"16":{"start":{"line":73,"column":4},"end":{"line":75,"column":28}},"17":{"start":{"line":77,"column":17},"end":{"line":77,"column":64}},"18":{"start":{"line":77,"column":31},"end":{"line":77,"column":53}},"19":{"start":{"line":79,"column":16},"end":{"line":87,"column":3}},"20":{"start":{"line":80,"column":11},"end":{"line":85,"column":5}},"21":{"start":{"line":89,"column":2},"end":{"line":89,"column":73}},"22":{"start":{"line":92,"column":24},"end":{"line":107,"column":1}},"23":{"start":{"line":93,"column":18},"end":{"line":93,"column":42}},"24":{"start":{"line":94,"column":2},"end":{"line":96,"column":3}},"25":{"start":{"line":95,"column":4},"end":{"line":95,"column":19}},"26":{"start":{"line":99,"column":28},"end":{"line":99,"column":44}},"27":{"start":{"line":100,"column":17},"end":{"line":100,"column":45}},"28":{"start":{"line":101,"column":2},"end":{"line":106,"column":4}}},"fnMap":{"0":{"name":"(anonymous_0)","decl":{"start":{"line":32,"column":23},"end":{"line":32,"column":24}},"loc":{"start":{"line":32,"column":58},"end":{"line":41,"column":1}},"line":32},"1":{"name":"(anonymous_1)","decl":{"start":{"line":45,"column":70},"end":{"line":45,"column":71}},"loc":{"start":{"line":47,"column":6},"end":{"line":90,"column":1}},"line":47},"2":{"name":"(anonymous_2)","decl":{"start":{"line":51,"column":12},"end":{"line":51,"column":13}},"loc":{"start":{"line":51,"column":18},"end":{"line":61,"column":3}},"line":51},"3":{"name":"(anonymous_3)","decl":{"start":{"line":53,"column":12},"end":{"line":53,"column":13}},"loc":{"start":{"line":53,"column":24},"end":{"line":57,"column":7}},"line":53},"4":{"name":"(anonymous_4)","decl":{"start":{"line":58,"column":13},"end":{"line":58,"column":14}},"loc":{"start":{"line":58,"column":22},"end":{"line":60,"column":7}},"line":58},"5":{"name":"(anonymous_5)","decl":{"start":{"line":63,"column":23},"end":{"line":63,"column":24}},"loc":{"start":{"line":63,"column":50},"end":{"line":70,"column":3}},"line":63},"6":{"name":"(anonymous_6)","decl":{"start":{"line":77,"column":25},"end":{"line":77,"column":26}},"loc":{"start":{"line":77,"column":31},"end":{"line":77,"column":53}},"line":77},"7":{"name":"(anonymous_7)","decl":{"start":{"line":80,"column":4},"end":{"line":80,"column":5}},"loc":{"start":{"line":80,"column":11},"end":{"line":85,"column":5}},"line":80},"8":{"name":"(anonymous_8)","decl":{"start":{"line":92,"column":24},"end":{"line":92,"column":25}},"loc":{"start":{"line":92,"column":48},"end":{"line":107,"column":1}},"line":92},"9":{"name":"(anonymous_9)","decl":{"start":{"line":103,"column":18},"end":{"line":103,"column":19}},"loc":{"start":{"line":103,"column":30},"end":{"line":103,"column":32}},"line":103}},"branchMap":{"0":{"loc":{"start":{"line":33,"column":14},"end":{"line":33,"column":44}},"type":"cond-expr","locations":[{"start":{"line":33,"column":23},"end":{"line":33,"column":32}},{"start":{"line":33,"column":35},"end":{"line":33,"column":44}}],"line":33},"1":{"loc":{"start":{"line":34,"column":8},"end":{"line":34,"column":38}},"type":"cond-expr","locations":[{"start":{"line":34,"column":17},"end":{"line":34,"column":26}},{"start":{"line":34,"column":29},"end":{"line":34,"column":38}}],"line":34},"2":{"loc":{"start":{"line":35,"column":8},"end":{"line":35,"column":38}},"type":"cond-expr","locations":[{"start":{"line":35,"column":17},"end":{"line":35,"column":26}},{"start":{"line":35,"column":29},"end":{"line":35,"column":38}}],"line":35},"3":{"loc":{"start":{"line":36,"column":11},"end":{"line":36,"column":41}},"type":"cond-expr","locations":[{"start":{"line":36,"column":20},"end":{"line":36,"column":29}},{"start":{"line":36,"column":32},"end":{"line":36,"column":41}}],"line":36},"4":{"loc":{"start":{"line":37,"column":10},"end":{"line":37,"column":40}},"type":"cond-expr","locations":[{"start":{"line":37,"column":19},"end":{"line":37,"column":28}},{"start":{"line":37,"column":31},"end":{"line":37,"column":40}}],"line":37},"5":{"loc":{"start":{"line":39,"column":12},"end":{"line":39,"column":42}},"type":"cond-expr","locations":[{"start":{"line":39,"column":21},"end":{"line":39,"column":30}},{"start":{"line":39,"column":33},"end":{"line":39,"column":42}}],"line":39},"6":{"loc":{"start":{"line":40,"column":9},"end":{"line":40,"column":39}},"type":"cond-expr","locations":[{"start":{"line":40,"column":18},"end":{"line":40,"column":27}},{"start":{"line":40,"column":30},"end":{"line":40,"column":39}}],"line":40},"7":{"loc":{"start":{"line":54,"column":8},"end":{"line":56,"column":9}},"type":"if","locations":[{"start":{"line":54,"column":8},"end":{"line":56,"column":9}},{"start":{},"end":{}}],"line":54},"8":{"loc":{"start":{"line":54,"column":12},"end":{"line":54,"column":74}},"type":"binary-expr","locations":[{"start":{"line":54,"column":12},"end":{"line":54,"column":31}},{"start":{"line":54,"column":35},"end":{"line":54,"column":53}},{"start":{"line":54,"column":57},"end":{"line":54,"column":74}}],"line":54},"9":{"loc":{"start":{"line":73,"column":4},"end":{"line":75,"column":28}},"type":"cond-expr","locations":[{"start":{"line":74,"column":8},"end":{"line":74,"column":36}},{"start":{"line":75,"column":8},"end":{"line":75,"column":28}}],"line":73},"10":{"loc":{"start":{"line":94,"column":2},"end":{"line":96,"column":3}},"type":"if","locations":[{"start":{"line":94,"column":2},"end":{"line":96,"column":3}},{"start":{},"end":{}}],"line":94}},"s":{"0":0,"1":0,"2":0,"3":0,"4":0,"5":0,"6":0,"7":0,"8":0,"9":0,"10":0,"11":0,"12":0,"13":0,"14":0,"15":0,"16":0,"17":0,"18":0,"19":0,"20":0,"21":0,"22":0,"23":0,"24":0,"25":0,"26":0,"27":0,"28":0},"f":{"0":0,"1":0,"2":0,"3":0,"4":0,"5":0,"6":0,"7":0,"8":0,"9":0},"b":{"0":[0,0],"1":[0,0],"2":[0,0],"3":[0,0],"4":[0,0],"5":[0,0],"6":[0,0],"7":[0,0],"8":[0,0,0],"9":[0,0],"10":[0,0]}}
,"/Users/admin/Desktop/DevGround/projects/DevFeed/src/shared/hooks/useVisitedStories.ts": {"path":"/Users/admin/Desktop/DevGround/projects/DevFeed/src/shared/hooks/useVisitedStories.ts","statementMap":{"0":{"start":{"line":7,"column":46},"end":{"line":7,"column":73}},"1":{"start":{"line":9,"column":2},"end":{"line":11,"column":9}},"2":{"start":{"line":10,"column":4},"end":{"line":10,"column":11}},"3":{"start":{"line":14,"column":16},"end":{"line":14,"column":41}},"4":{"start":{"line":15,"column":4},"end":{"line":15,"column":36}},"5":{"start":{"line":18,"column":2},"end":{"line":21,"column":4}}},"fnMap":{"0":{"name":"useVisitedStories","decl":{"start":{"line":6,"column":16},"end":{"line":6,"column":33}},"loc":{"start":{"line":6,"column":36},"end":{"line":22,"column":1}},"line":6},"1":{"name":"(anonymous_1)","decl":{"start":{"line":9,"column":12},"end":{"line":9,"column":13}},"loc":{"start":{"line":9,"column":18},"end":{"line":11,"column":3}},"line":9},"2":{"name":"load","decl":{"start":{"line":13,"column":17},"end":{"line":13,"column":21}},"loc":{"start":{"line":13,"column":24},"end":{"line":16,"column":3}},"line":13}},"branchMap":{},"s":{"0":0,"1":0,"2":0,"3":0,"4":0,"5":0},"f":{"0":0,"1":0,"2":0},"b":{}}
,"/Users/admin/Desktop/DevGround/projects/DevFeed/src/shared/services/bookmarkService.ts": {"path":"/Users/admin/Desktop/DevGround/projects/DevFeed/src/shared/services/bookmarkService.ts","statementMap":{"0":{"start":{"line":4,"column":22},"end":{"line":4,"column":33}},"1":{"start":{"line":6,"column":28},"end":{"line":14,"column":1}},"2":{"start":{"line":7,"column":17},"end":{"line":7,"column":58}},"3":{"start":{"line":13,"column":4},"end":{"line":13,"column":39}},"4":{"start":{"line":15,"column":27},"end":{"line":20,"column":1}},"5":{"start":{"line":16,"column":22},"end":{"line":16,"column":42}},"6":{"start":{"line":17,"column":20},"end":{"line":17,"column":41}},"7":{"start":{"line":18,"column":4},"end":{"line":18,"column":71}},"8":{"start":{"line":21,"column":30},"end":{"line":25,"column":1}},"9":{"start":{"line":22,"column":22},"end":{"line":22,"column":42}},"10":{"start":{"line":23,"column":20},"end":{"line":23,"column":59}},"11":{"start":{"line":23,"column":42},"end":{"line":23,"column":58}},"12":{"start":{"line":24,"column":4},"end":{"line":24,"column":71}},"13":{"start":{"line":26,"column":28},"end":{"line":29,"column":1}},"14":{"start":{"line":27,"column":22},"end":{"line":27,"column":42}},"15":{"start":{"line":28,"column":4},"end":{"line":28,"column":48}},"16":{"start":{"line":28,"column":31},"end":{"line":28,"column":47}}},"fnMap":{"0":{"name":"(anonymous_0)","decl":{"start":{"line":6,"column":28},"end":{"line":6,"column":29}},"loc":{"start":{"line":6,"column":58},"end":{"line":14,"column":1}},"line":6},"1":{"name":"(anonymous_1)","decl":{"start":{"line":15,"column":27},"end":{"line":15,"column":28}},"loc":{"start":{"line":15,"column":66},"end":{"line":20,"column":1}},"line":15},"2":{"name":"(anonymous_2)","decl":{"start":{"line":21,"column":30},"end":{"line":21,"column":31}},"loc":{"start":{"line":21,"column":72},"end":{"line":25,"column":1}},"line":21},"3":{"name":"(anonymous_3)","decl":{"start":{"line":23,"column":37},"end":{"line":23,"column":38}},"loc":{"start":{"line":23,"column":42},"end":{"line":23,"column":58}},"line":23},"4":{"name":"(anonymous_4)","decl":{"start":{"line":26,"column":28},"end":{"line":26,"column":29}},"loc":{"start":{"line":26,"column":73},"end":{"line":29,"column":1}},"line":26},"5":{"name":"(anonymous_5)","decl":{"start":{"line":28,"column":26},"end":{"line":28,"column":27}},"loc":{"start":{"line":28,"column":31},"end":{"line":28,"column":47}},"line":28}},"branchMap":{"0":{"loc":{"start":{"line":13,"column":11},"end":{"line":13,"column":39}},"type":"cond-expr","locations":[{"start":{"line":13,"column":18},"end":{"line":13,"column":34}},{"start":{"line":13,"column":37},"end":{"line":13,"column":39}}],"line":13}},"s":{"0":1,"1":1,"2":21,"3":21,"4":1,"5":9,"6":9,"7":9,"8":1,"9":2,"10":2,"11":3,"12":2,"13":1,"14":2,"15":2,"16":1},"f":{"0":21,"1":9,"2":2,"3":3,"4":2,"5":1},"b":{"0":[13,8]},"_coverageSchema":"1a1c01bbd47fc00a2c39e90264f33305004495a9","hash":"e3d89dd9da9473f430c1d112ee757b6b6fa89d02"}
,"/Users/admin/Desktop/DevGround/projects/DevFeed/src/shared/services/firebase.ts": {"path":"/Users/admin/Desktop/DevGround/projects/DevFeed/src/shared/services/firebase.ts","statementMap":{"0":{"start":{"line":5,"column":23},"end":{"line":13,"column":1}},"1":{"start":{"line":15,"column":12},"end":{"line":15,"column":41}},"2":{"start":{"line":16,"column":13},"end":{"line":18,"column":2}}},"fnMap":{},"branchMap":{},"s":{"0":0,"1":0,"2":0},"f":{},"b":{}}
,"/Users/admin/Desktop/DevGround/projects/DevFeed/src/shared/services/hackerNewsServices.ts": {"path":"/Users/admin/Desktop/DevGround/projects/DevFeed/src/shared/services/hackerNewsServices.ts","statementMap":{"0":{"start":{"line":4,"column":18},"end":{"line":7,"column":2}},"1":{"start":{"line":9,"column":29},"end":{"line":13,"column":1}},"2":{"start":{"line":10,"column":19},"end":{"line":10,"column":58}},"3":{"start":{"line":12,"column":2},"end":{"line":12,"column":23}},"4":{"start":{"line":15,"column":24},"end":{"line":20,"column":1}},"5":{"start":{"line":16,"column":19},"end":{"line":16,"column":58}},"6":{"start":{"line":19,"column":2},"end":{"line":19,"column":23}},"7":{"start":{"line":22,"column":23},"end":{"line":22,"column":31}},"8":{"start":{"line":24,"column":29},"end":{"line":27,"column":1}},"9":{"start":{"line":25,"column":19},"end":{"line":25,"column":58}},"10":{"start":{"line":26,"column":2},"end":{"line":26,"column":23}},"11":{"start":{"line":29,"column":30},"end":{"line":32,"column":1}},"12":{"start":{"line":30,"column":19},"end":{"line":30,"column":59}},"13":{"start":{"line":31,"column":2},"end":{"line":31,"column":23}},"14":{"start":{"line":33,"column":29},"end":{"line":36,"column":1}},"15":{"start":{"line":34,"column":19},"end":{"line":34,"column":58}},"16":{"start":{"line":35,"column":2},"end":{"line":35,"column":23}},"17":{"start":{"line":38,"column":30},"end":{"line":41,"column":1}},"18":{"start":{"line":39,"column":19},"end":{"line":39,"column":59}},"19":{"start":{"line":40,"column":2},"end":{"line":40,"column":23}},"20":{"start":{"line":43,"column":29},"end":{"line":46,"column":1}},"21":{"start":{"line":44,"column":19},"end":{"line":44,"column":58}},"22":{"start":{"line":45,"column":2},"end":{"line":45,"column":23}}},"fnMap":{"0":{"name":"(anonymous_0)","decl":{"start":{"line":9,"column":29},"end":{"line":9,"column":30}},"loc":{"start":{"line":9,"column":60},"end":{"line":13,"column":1}},"line":9},"1":{"name":"(anonymous_1)","decl":{"start":{"line":15,"column":24},"end":{"line":15,"column":25}},"loc":{"start":{"line":15,"column":46},"end":{"line":20,"column":1}},"line":15},"2":{"name":"(anonymous_2)","decl":{"start":{"line":24,"column":29},"end":{"line":24,"column":30}},"loc":{"start":{"line":24,"column":60},"end":{"line":27,"column":1}},"line":24},"3":{"name":"(anonymous_3)","decl":{"start":{"line":29,"column":30},"end":{"line":29,"column":31}},"loc":{"start":{"line":29,"column":61},"end":{"line":32,"column":1}},"line":29},"4":{"name":"(anonymous_4)","decl":{"start":{"line":33,"column":29},"end":{"line":33,"column":30}},"loc":{"start":{"line":33,"column":60},"end":{"line":36,"column":1}},"line":33},"5":{"name":"(anonymous_5)","decl":{"start":{"line":38,"column":30},"end":{"line":38,"column":31}},"loc":{"start":{"line":38,"column":61},"end":{"line":41,"column":1}},"line":38},"6":{"name":"(anonymous_6)","decl":{"start":{"line":43,"column":29},"end":{"line":43,"column":30}},"loc":{"start":{"line":43,"column":60},"end":{"line":46,"column":1}},"line":43}},"branchMap":{},"s":{"0":1,"1":1,"2":0,"3":0,"4":1,"5":0,"6":0,"7":1,"8":1,"9":0,"10":0,"11":1,"12":0,"13":0,"14":1,"15":0,"16":0,"17":1,"18":0,"19":0,"20":1,"21":0,"22":0},"f":{"0":0,"1":0,"2":0,"3":0,"4":0,"5":0,"6":0},"b":{},"_coverageSchema":"1a1c01bbd47fc00a2c39e90264f33305004495a9","hash":"da5dc04c7f03b3f337d3d18896eba86b583f755a"}
,"/Users/admin/Desktop/DevGround/projects/DevFeed/src/shared/services/summaryServices.ts": {"path":"/Users/admin/Desktop/DevGround/projects/DevFeed/src/shared/services/summaryServices.ts","statementMap":{"0":{"start":{"line":5,"column":22},"end":{"line":11,"column":2}},"1":{"start":{"line":18,"column":26},"end":{"line":28,"column":1}},"2":{"start":{"line":22,"column":19},"end":{"line":25,"column":4}},"3":{"start":{"line":27,"column":2},"end":{"line":27,"column":14}}},"fnMap":{"0":{"name":"(anonymous_0)","decl":{"start":{"line":18,"column":26},"end":{"line":18,"column":27}},"loc":{"start":{"line":21,"column":31},"end":{"line":28,"column":1}},"line":21}},"branchMap":{},"s":{"0":1,"1":1,"2":0,"3":0},"f":{"0":0},"b":{},"_coverageSchema":"1a1c01bbd47fc00a2c39e90264f33305004495a9","hash":"269abab24e4d6f1b84d80e5019a7ecc5d14e29b8"}
,"/Users/admin/Desktop/DevGround/projects/DevFeed/src/shared/services/visitedStories.ts": {"path":"/Users/admin/Desktop/DevGround/projects/DevFeed/src/shared/services/visitedStories.ts","statementMap":{"0":{"start":{"line":4,"column":33},"end":{"line":7,"column":1}},"1":{"start":{"line":5,"column":15},"end":{"line":5,"column":71}},"2":{"start":{"line":6,"column":2},"end":{"line":6,"column":38}},"3":{"start":{"line":9,"column":32},"end":{"line":18,"column":1}},"4":{"start":{"line":10,"column":25},"end":{"line":10,"column":50}},"5":{"start":{"line":11,"column":2},"end":{"line":17,"column":3}},"6":{"start":{"line":12,"column":4},"end":{"line":12,"column":33}},"7":{"start":{"line":13,"column":4},"end":{"line":16,"column":6}},"8":{"start":{"line":20,"column":34},"end":{"line":27,"column":1}},"9":{"start":{"line":21,"column":25},"end":{"line":21,"column":50}},"10":{"start":{"line":22,"column":25},"end":{"line":22,"column":70}},"11":{"start":{"line":22,"column":55},"end":{"line":22,"column":69}},"12":{"start":{"line":23,"column":2},"end":{"line":26,"column":4}},"13":{"start":{"line":29,"column":30},"end":{"line":32,"column":1}},"14":{"start":{"line":30,"column":25},"end":{"line":30,"column":50}},"15":{"start":{"line":31,"column":2},"end":{"line":31,"column":42}}},"fnMap":{"0":{"name":"(anonymous_0)","decl":{"start":{"line":4,"column":33},"end":{"line":4,"column":34}},"loc":{"start":{"line":4,"column":64},"end":{"line":7,"column":1}},"line":4},"1":{"name":"(anonymous_1)","decl":{"start":{"line":9,"column":32},"end":{"line":9,"column":33}},"loc":{"start":{"line":9,"column":74},"end":{"line":18,"column":1}},"line":9},"2":{"name":"(anonymous_2)","decl":{"start":{"line":20,"column":34},"end":{"line":20,"column":35}},"loc":{"start":{"line":20,"column":76},"end":{"line":27,"column":1}},"line":20},"3":{"name":"(anonymous_3)","decl":{"start":{"line":22,"column":47},"end":{"line":22,"column":48}},"loc":{"start":{"line":22,"column":55},"end":{"line":22,"column":69}},"line":22},"4":{"name":"(anonymous_4)","decl":{"start":{"line":29,"column":30},"end":{"line":29,"column":31}},"loc":{"start":{"line":29,"column":75},"end":{"line":32,"column":1}},"line":29}},"branchMap":{"0":{"loc":{"start":{"line":6,"column":9},"end":{"line":6,"column":37}},"type":"cond-expr","locations":[{"start":{"line":6,"column":16},"end":{"line":6,"column":32}},{"start":{"line":6,"column":35},"end":{"line":6,"column":37}}],"line":6},"1":{"loc":{"start":{"line":11,"column":2},"end":{"line":17,"column":3}},"type":"if","locations":[{"start":{"line":11,"column":2},"end":{"line":17,"column":3}},{"start":{},"end":{}}],"line":11}},"s":{"0":1,"1":20,"2":20,"3":1,"4":9,"5":9,"6":8,"7":8,"8":1,"9":2,"10":2,"11":3,"12":2,"13":1,"14":2,"15":2},"f":{"0":20,"1":9,"2":2,"3":3,"4":2},"b":{"0":[12,8],"1":[8,1]},"_coverageSchema":"1a1c01bbd47fc00a2c39e90264f33305004495a9","hash":"b62921a7befda4a9e624c561edf436bb5e4409ad"}
}
